make[1]: ディレクトリ `/home/mito/temp/petsc-3.7.3' に入ります
==========================================
 
See documentation/faq.html and documentation/bugreporting.html
for help with installation problems.  Please send EVERYTHING
printed out below when reporting problems.  Please check the
mailing list archives and consider subscribing.
 
  http://www.mcs.anl.gov/petsc/miscellaneous/mailing-lists.html
 
==========================================
Starting on macgyver at 2016年 8月 2日 火曜日 21:46:38 JST
Machine characteristics: Linux macgyver 3.13.0-88-generic #135-Ubuntu SMP Wed Jun 8 21:10:42 UTC 2016 x86_64 x86_64 x86_64 GNU/Linux
-----------------------------------------
Using PETSc directory: /home/mito/temp/petsc-3.7.3
Using PETSc arch: arch-linux2-cxx-debug
-----------------------------------------
PETSC_VERSION_RELEASE    1
PETSC_VERSION_MAJOR      3
PETSC_VERSION_MINOR      7
PETSC_VERSION_SUBMINOR   3
PETSC_VERSION_PATCH      0
PETSC_VERSION_DATE       "Jul, 24, 2016"
PETSC_VERSION_GIT        "v3.7.3"
PETSC_VERSION_DATE_GIT   "2016-07-24 11:42:00 -0500"
PETSC_VERSION_(MAJOR,MINOR,SUBMINOR) \
PETSC_VERSION_LT(MAJOR,MINOR,SUBMINOR)          \
PETSC_VERSION_LE(MAJOR,MINOR,SUBMINOR) \
PETSC_VERSION_GT(MAJOR,MINOR,SUBMINOR) \
PETSC_VERSION_GE(MAJOR,MINOR,SUBMINOR) \
-----------------------------------------
Using configure Options: --with-clanguage=c++ --with-cxx=g++ --with-fc=gfortran -download-fblaslapack --with-mpi=0 --prefix=/home/mito/usrLocal
Using configuration flags:
#define INCLUDED_PETSCCONF_H
#define IS_COLORING_MAX 65535
#define MPI_Type_create_struct(count,lens,displs,types,newtype) MPI_Type_struct((count),(lens),(displs),(types),(newtype))
#define MPIUNI_FORTRAN_BINDING 1
#define STDC_HEADERS 1
#define MPI_Comm_create_errhandler(p_err_fun,p_errhandler) MPI_Errhandler_create((p_err_fun),(p_errhandler))
#define MPI_Comm_set_errhandler(comm,p_errhandler) MPI_Errhandler_set((comm),(p_errhandler))
#define MPIU_COLORING_VALUE MPI_UNSIGNED_SHORT
#define PETSC_UINTPTR_T uintptr_t
#define PETSC_HAVE_PTHREAD 1
#define PETSC_DEPRECATED(why) __attribute((deprecated))
#define PETSC_REPLACE_DIR_SEPARATOR '\\'
#define PETSC_HAVE_SO_REUSEADDR 1
#define PETSC_HAVE_MPI 1
#define PETSC_PREFETCH_HINT_T2 _MM_HINT_T2
#define PETSC_PREFETCH_HINT_T0 _MM_HINT_T0
#define PETSC_PREFETCH_HINT_T1 _MM_HINT_T1
#define PETSC_HAVE_FORTRAN 1
#define PETSC_DIR "/home/mito/temp/petsc-3.7.3"
#define PETSC_HAVE_X 1
#define PETSC_LIB_DIR "/home/mito/usrLocal/lib"
#define PETSC_USE_SOCKET_VIEWER 1
#define PETSC_USE_ISATTY 1
#define PETSC_SLSUFFIX "so"
#define PETSC_FUNCTION_NAME_CXX __func__
#define PETSC_HAVE_FBLASLAPACK 1
#define PETSC_HAVE_ATOLL 1
#define PETSC_HAVE_ATTRIBUTEALIGNED 1
#define PETSC_HAVE_DOUBLE_ALIGN_MALLOC 1
#define PETSC_UNUSED __attribute((unused))
#define PETSC_ATTRIBUTEALIGNED(size) __attribute((aligned (size)))
#define PETSC_FUNCTION_NAME_C __func__
#define PETSC_HAVE_VALGRIND 1
#define PETSC_USE_SINGLE_LIBRARY 1
#define PETSC_HAVE_BUILTIN_EXPECT 1
#define PETSC_DIR_SEPARATOR '/'
#define PETSC_PATH_SEPARATOR ':'
#define PETSC_HAVE_XMMINTRIN_H 1
#define PETSC_PREFETCH_HINT_NTA _MM_HINT_NTA
#define PETSC_Prefetch(a,b,c) _mm_prefetch((const char*)(a),(c))
#define PETSC_HAVE_BLASLAPACK 1
#define PETSC_HAVE_GZIP 1
#define PETSC_HAVE_STRING_H 1
#define PETSC_HAVE_SYS_TYPES_H 1
#define PETSC_HAVE_ENDIAN_H 1
#define PETSC_HAVE_SYS_PROCFS_H 1
#define PETSC_HAVE_DLFCN_H 1
#define PETSC_HAVE_SCHED_H 1
#define PETSC_HAVE_STDINT_H 1
#define PETSC_HAVE_LINUX_KERNEL_H 1
#define PETSC_HAVE_TIME_H 1
#define PETSC_HAVE_MATH_H 1
#define PETSC_HAVE_INTTYPES_H 1
#define PETSC_TIME_WITH_SYS_TIME 1
#define PETSC_HAVE_SYS_PARAM_H 1
#define PETSC_HAVE_PTHREAD_H 1
#define PETSC_HAVE_UNISTD_H 1
#define PETSC_HAVE_STDLIB_H 1
#define PETSC_HAVE_SYS_WAIT_H 1
#define PETSC_HAVE_SETJMP_H 1
#define PETSC_HAVE_LIMITS_H 1
#define PETSC_HAVE_SYS_UTSNAME_H 1
#define PETSC_HAVE_NETINET_IN_H 1
#define PETSC_HAVE_SYS_SOCKET_H 1
#define PETSC_HAVE_FLOAT_H 1
#define PETSC_HAVE_SEARCH_H 1
#define PETSC_HAVE_SYS_RESOURCE_H 1
#define PETSC_HAVE_SYS_TIMES_H 1
#define PETSC_HAVE_NETDB_H 1
#define PETSC_HAVE_MALLOC_H 1
#define PETSC_HAVE_PWD_H 1
#define PETSC_HAVE_FCNTL_H 1
#define PETSC_HAVE_STRINGS_H 1
#define PETSC_HAVE_SYS_SYSINFO_H 1
#define PETSC_HAVE_SYS_TIME_H 1
#define PETSC_USING_F90 1
#define PETSC_USING_F2003 1
#define PETSC_HAVE_RTLD_NOW 1
#define PETSC_HAVE_RTLD_LOCAL 1
#define PETSC_HAVE_RTLD_LAZY 1
#define PETSC_C_STATIC_INLINE static inline
#define PETSC_HAVE_FORTRAN_UNDERSCORE 1
#define PETSC_HAVE_CXX_NAMESPACE 1
#define PETSC_HAVE_RTLD_GLOBAL 1
#define PETSC_C_RESTRICT  __restrict__
#define PETSC_CXX_RESTRICT  __restrict__
#define PETSC_CXX_STATIC_INLINE static inline
#define PETSC_HAVE_LIBZ 1
#define PETSC_HAVE_LIBDL 1
#define PETSC_HAVE_LIBM 1
#define PETSC_HAVE_LIBPTHREAD 1
#define PETSC_HAVE_LIBFBLAS 1
#define PETSC_HAVE_FENV_H 1
#define PETSC_HAVE_LOG2 1
#define PETSC_HAVE_LIBFLAPACK 1
#define PETSC_HAVE_ERF 1
#define PETSC_HAVE_LIBX11 1
#define PETSC_HAVE_LIBQUADMATH 1
#define PETSC_HAVE_TGAMMA 1
#define PETSC_HAVE_LIBGFORTRAN 1
#define PETSC_ARCH "arch-linux2-cxx-debug"
#define PETSC_USE_SCALAR_REAL 1
#define PETSC_HAVE_ISINF 1
#define PETSC_HAVE_ISNAN 1
#define PETSC_HAVE_ISNORMAL 1
#define PETSC_USE_REAL_DOUBLE 1
#define PETSC_BITS_PER_BYTE 8
#define PETSC_USE_VISIBILITY_C 1
#define PETSC_SIZEOF_VOID_P 8
#define PETSC_RETSIGTYPE void
#define PETSC_HAVE_CXX_COMPLEX 1
#define PETSC_SIZEOF_LONG 8
#define PETSC_USE_FORTRANKIND 1
#define PETSC_USE_VISIBILITY_CXX 1
#define PETSC_SIZEOF_SIZE_T 8
#define PETSC_HAVE_SIGINFO_T 1
#define PETSC_SIZEOF_CHAR 1
#define PETSC_SIZEOF_DOUBLE 8
#define PETSC_SIZEOF_FLOAT 4
#define PETSC_HAVE_C99_COMPLEX 1
#define PETSC_SIZEOF_INT 4
#define PETSC_SIZEOF_LONG_LONG 8
#define PETSC_SIZEOF_SHORT 2
#define PETSC_CLANGUAGE_CXX 1
#define PETSC_HAVE_MPIUNI 1
#define PETSC_HAVE_MPI_COMM_C2F 1
#define PETSC_HAVE_MPI_IN_PLACE 1
#define PETSC_HAVE_MPI_COMM_F2C 1
#define PETSC_HAVE_MPI_FINT 1
#define PETSC_HAVE_DYNAMIC_LIBRARIES 1
#define PETSC_HAVE_SHARED_LIBRARIES 1
#define PETSC_USE_SHARED_LIBRARIES 1
#define PETSC_USE_GDB_DEBUGGER 1
#define PETSC_USE_ERRORCHECKING 1
#define PETSC_HAVE_STRCASECMP 1
#define PETSC_HAVE_GET_NPROCS 1
#define PETSC_HAVE_POPEN 1
#define PETSC_HAVE_SIGSET 1
#define PETSC_HAVE_GETWD 1
#define PETSC_HAVE_VSNPRINTF 1
#define PETSC_HAVE_TIMES 1
#define PETSC_HAVE_DLSYM 1
#define PETSC_HAVE_SNPRINTF 1
#define PETSC_HAVE_GETHOSTBYNAME 1
#define PETSC_HAVE_GETCWD 1
#define PETSC_HAVE_DLERROR 1
#define PETSC_HAVE_FORK 1
#define PETSC_HAVE_RAND 1
#define PETSC_HAVE_GETTIMEOFDAY 1
#define PETSC_HAVE_DLCLOSE 1
#define PETSC_HAVE_UNAME 1
#define PETSC_HAVE_GETHOSTNAME 1
#define PETSC_HAVE_MKSTEMP 1
#define PETSC_HAVE_SIGACTION 1
#define PETSC_HAVE_DRAND48 1
#define PETSC_HAVE_MEMALIGN 1
#define PETSC_HAVE_VA_COPY 1
#define PETSC_HAVE_CLOCK 1
#define PETSC_HAVE_ACCESS 1
#define PETSC_HAVE_SIGNAL 1
#define PETSC_HAVE_USLEEP 1
#define PETSC_HAVE_GETRUSAGE 1
#define PETSC_HAVE_VFPRINTF 1
#define PETSC_HAVE_NANOSLEEP 1
#define PETSC_HAVE_GETDOMAINNAME 1
#define PETSC_HAVE_TIME 1
#define PETSC_HAVE_LSEEK 1
#define PETSC_HAVE_SOCKET 1
#define PETSC_HAVE_SYSINFO 1
#define PETSC_HAVE_READLINK 1
#define PETSC_HAVE_REALPATH 1
#define PETSC_HAVE_DLOPEN 1
#define PETSC_HAVE_MEMMOVE 1
#define PETSC_HAVE__GFORTRAN_IARGC 1
#define PETSC_SIGNAL_CAST  
#define PETSC_HAVE_SLEEP 1
#define PETSC_HAVE_VPRINTF 1
#define PETSC_HAVE_BZERO 1
#define PETSC_HAVE_GETPAGESIZE 1
#define PETSC_WRITE_MEMORY_BARRIER() asm volatile("sfence":::"memory")
#define PETSC_MEMORY_BARRIER() asm volatile("mfence":::"memory")
#define PETSC_READ_MEMORY_BARRIER() asm volatile("lfence":::"memory")
#define PETSC_CPU_RELAX() asm volatile("rep; nop" ::: "memory")
#define PETSC_BLASLAPACK_UNDERSCORE 1
#define PETSC_USE_INFO 1
#define PETSC_Alignx(a,b)   
#define PETSC_USE_BACKWARD_LOOP 1
#define PETSC_USE_DEBUG 1
#define PETSC_IS_COLOR_VALUE_TYPE_SIZE PETSC_SIZEOF_SHORT
#define PETSC_USE_LOG 1
#define PETSC_IS_COLOR_VALUE_TYPE short
#define PETSC_USE_CTABLE 1
#define PETSC_MEMALIGN 16
#define PETSC_USE_PROC_FOR_SIZE 1
#define PETSC__GNU_SOURCE 1
#define PETSC__BSD_SOURCE 1
#define PETSC__DEFAULT_SOURCE 1
#define PETSC_HAVE_FORTRAN_GET_COMMAND_ARGUMENT 1
#define PETSC_HAVE_GFORTRAN_IARGC 1
#define PETSC_LEVEL1_DCACHE_LINESIZE 64
#define PETSC_LEVEL1_DCACHE_SIZE 32768
#define PETSC_LEVEL1_DCACHE_ASSOC 8
#define PETSC_HAVE_SCHED_CPU_SET_T 1
#define PETSC_HAVE_PTHREAD_BARRIER_T 1
#define PETSC_HAVE_SYS_SYSCTL_H 1
-----------------------------------------
Using C/C++ compile: g++ -c -Wall -Wwrite-strings -Wno-strict-aliasing -Wno-unknown-pragmas -fvisibility=hidden -g   -fPIC    -I/home/mito/temp/petsc-3.7.3/include -I/home/mito/temp/petsc-3.7.3/arch-linux2-cxx-debug/include -I/home/mito/temp/petsc-3.7.3/include/petsc/mpiuni     
Using Fortran compile: gfortran -c -fPIC -Wall -ffree-line-length-0 -Wno-unused-dummy-argument -g    -I/home/mito/temp/petsc-3.7.3/include -I/home/mito/temp/petsc-3.7.3/arch-linux2-cxx-debug/include -I/home/mito/temp/petsc-3.7.3/include/petsc/mpiuni     
-----------------------------------------
Using C/C++ linker: g++
Using C/C++ flags: -Wall -Wwrite-strings -Wno-strict-aliasing -Wno-unknown-pragmas -fvisibility=hidden -g 
Using Fortran linker: gfortran
Using Fortran flags: -fPIC -Wall -ffree-line-length-0 -Wno-unused-dummy-argument -g 
-----------------------------------------
Using libraries: -Wl,-rpath,/home/mito/temp/petsc-3.7.3/arch-linux2-cxx-debug/lib -L/home/mito/temp/petsc-3.7.3/arch-linux2-cxx-debug/lib  -lpetsc -Wl,-rpath,/home/mito/usrLocal/lib -L/home/mito/usrLocal/lib -lflapack -lfblas -lX11 -lpthread -lm -Wl,-rpath,/usr/lib/gcc/x86_64-linux-gnu/4.8 -L/usr/lib/gcc/x86_64-linux-gnu/4.8 -Wl,-rpath,/usr/lib/x86_64-linux-gnu -L/usr/lib/x86_64-linux-gnu -Wl,-rpath,/lib/x86_64-linux-gnu -L/lib/x86_64-linux-gnu -lgfortran -lm -lgfortran -lm -lquadmath -lm -lstdc++ -Wl,-rpath,/home/mito/usrLocal/lib -L/home/mito/usrLocal/lib -Wl,-rpath,/usr/lib/gcc/x86_64-linux-gnu/4.8 -L/usr/lib/gcc/x86_64-linux-gnu/4.8 -Wl,-rpath,/usr/lib/x86_64-linux-gnu -L/usr/lib/x86_64-linux-gnu -Wl,-rpath,/lib/x86_64-linux-gnu -L/lib/x86_64-linux-gnu -Wl,-rpath,/usr/lib/x86_64-linux-gnu -L/usr/lib/x86_64-linux-gnu -Wl,-rpath,/home/mito/usrLocal/lib -L/home/mito/usrLocal/lib -ldl -lgcc_s -ldl 
------------------------------------------
Using mpiexec: /home/mito/temp/petsc-3.7.3/bin/petsc-mpiexec.uni
==========================================
Building PETSc using GNU Make with 4 build threads
==========================================
make[2]: ディレクトリ `/home/mito/temp/petsc-3.7.3' に入ります
/usr/bin/python ./config/gmakegen.py --petsc-arch=arch-linux2-cxx-debug
make[2]: ディレクトリ `/home/mito/temp/petsc-3.7.3' から出ます
make[2]: ディレクトリ `/home/mito/temp/petsc-3.7.3' に入ります
Use "/usr/bin/make V=1" to see the verbose compile lines.
         CXX arch-linux2-cxx-debug/obj/src/sys/info/verboseinfo.o
         CXX arch-linux2-cxx-debug/obj/src/sys/info/ftn-auto/verboseinfof.o
         CXX arch-linux2-cxx-debug/obj/src/sys/info/ftn-custom/zverboseinfof.o
         CXX arch-linux2-cxx-debug/obj/src/sys/ftn-custom/zsys.o
         CXX arch-linux2-cxx-debug/obj/src/sys/ftn-custom/zutils.o
         CXX arch-linux2-cxx-debug/obj/src/sys/mpiuni/mpi.o
         CXX arch-linux2-cxx-debug/obj/src/sys/mpiuni/mpitime.o
         CXX arch-linux2-cxx-debug/obj/src/sys/time/cputime.o
         CXX arch-linux2-cxx-debug/obj/src/sys/time/fdate.o
         CXX arch-linux2-cxx-debug/obj/src/sys/time/ftn-auto/cputimef.o
         CXX arch-linux2-cxx-debug/obj/src/sys/time/ftn-custom/zptimef.o
         CXX arch-linux2-cxx-debug/obj/src/sys/objects/version.o
         CXX arch-linux2-cxx-debug/obj/src/sys/objects/gcomm.o
         CXX arch-linux2-cxx-debug/obj/src/sys/objects/gtype.o
         CXX arch-linux2-cxx-debug/obj/src/sys/objects/olist.o
         CXX arch-linux2-cxx-debug/obj/src/sys/objects/pname.o
         CXX arch-linux2-cxx-debug/obj/src/sys/objects/tagm.o
         CXX arch-linux2-cxx-debug/obj/src/sys/objects/destroy.o
         CXX arch-linux2-cxx-debug/obj/src/sys/objects/gcookie.o
         CXX arch-linux2-cxx-debug/obj/src/sys/objects/inherit.o
         CXX arch-linux2-cxx-debug/obj/src/sys/objects/options.o
         CXX arch-linux2-cxx-debug/obj/src/sys/objects/pgname.o
         CXX arch-linux2-cxx-debug/obj/src/sys/objects/prefix.o
         CXX arch-linux2-cxx-debug/obj/src/sys/objects/init.o
         CXX arch-linux2-cxx-debug/obj/src/sys/objects/pinit.o
         CXX arch-linux2-cxx-debug/obj/src/sys/objects/ptype.o
         CXX arch-linux2-cxx-debug/obj/src/sys/objects/state.o
         CXX arch-linux2-cxx-debug/obj/src/sys/objects/aoptions.o
         CXX arch-linux2-cxx-debug/obj/src/sys/objects/subcomm.o
         CXX arch-linux2-cxx-debug/obj/src/sys/objects/fcallback.o
         CXX arch-linux2-cxx-debug/obj/src/sys/objects/ftn-auto/statef.o
         CXX arch-linux2-cxx-debug/obj/src/sys/objects/ftn-auto/optionsf.o
         CXX arch-linux2-cxx-debug/obj/src/sys/objects/ftn-auto/tagmf.o
         CXX arch-linux2-cxx-debug/obj/src/sys/objects/ftn-auto/destroyf.o
         CXX arch-linux2-cxx-debug/obj/src/sys/objects/ftn-auto/inheritf.o
         CXX arch-linux2-cxx-debug/obj/src/sys/objects/ftn-auto/ptypef.o
         CXX arch-linux2-cxx-debug/obj/src/sys/objects/ftn-auto/pinitf.o
         CXX arch-linux2-cxx-debug/obj/src/sys/objects/ftn-auto/gcommf.o
         CXX arch-linux2-cxx-debug/obj/src/sys/objects/ftn-custom/zgcommf.o
         CXX arch-linux2-cxx-debug/obj/src/sys/objects/ftn-custom/zoptionsf.o
         CXX arch-linux2-cxx-debug/obj/src/sys/objects/ftn-custom/zpgnamef.o
         CXX arch-linux2-cxx-debug/obj/src/sys/objects/ftn-custom/zpnamef.o
         CXX arch-linux2-cxx-debug/obj/src/sys/objects/ftn-custom/zprefixf.o
         CXX arch-linux2-cxx-debug/obj/src/sys/objects/ftn-custom/zdestroyf.o
         CXX arch-linux2-cxx-debug/obj/src/sys/objects/ftn-custom/zstart.o
         CXX arch-linux2-cxx-debug/obj/src/sys/objects/ftn-custom/zstartf.o
         CXX arch-linux2-cxx-debug/obj/src/sys/python/pythonsys.o
         CXX arch-linux2-cxx-debug/obj/src/sys/python/ftn-custom/zpythonf.o
         CXX arch-linux2-cxx-debug/obj/src/sys/utils/arch.o
         CXX arch-linux2-cxx-debug/obj/src/sys/utils/fhost.o
         CXX arch-linux2-cxx-debug/obj/src/sys/utils/fuser.o
         CXX arch-linux2-cxx-debug/obj/src/sys/utils/memc.o
         CXX arch-linux2-cxx-debug/obj/src/sys/utils/mpiu.o
         CXX arch-linux2-cxx-debug/obj/src/sys/utils/psleep.o
         CXX arch-linux2-cxx-debug/obj/src/sys/utils/sortd.o
         CXX arch-linux2-cxx-debug/obj/src/sys/utils/sorti.o
         CXX arch-linux2-cxx-debug/obj/src/sys/utils/str.o
         CXX arch-linux2-cxx-debug/obj/src/sys/utils/sortip.o
         CXX arch-linux2-cxx-debug/obj/src/sys/utils/pbarrier.o
         CXX arch-linux2-cxx-debug/obj/src/sys/utils/pdisplay.o
         CXX arch-linux2-cxx-debug/obj/src/sys/utils/ctable.o
         CXX arch-linux2-cxx-debug/obj/src/sys/utils/psplit.o
         CXX arch-linux2-cxx-debug/obj/src/sys/utils/select.o
         CXX arch-linux2-cxx-debug/obj/src/sys/utils/mpimesg.o
         CXX arch-linux2-cxx-debug/obj/src/sys/utils/sseenabled.o
         CXX arch-linux2-cxx-debug/obj/src/sys/utils/mpitr.o
         CXX arch-linux2-cxx-debug/obj/src/sys/utils/mpilong.o
         CXX arch-linux2-cxx-debug/obj/src/sys/utils/mathinf.o
         CXX arch-linux2-cxx-debug/obj/src/sys/utils/mpits.o
         CXX arch-linux2-cxx-debug/obj/src/sys/utils/segbuffer.o
         CXX arch-linux2-cxx-debug/obj/src/sys/utils/ftn-auto/memcf.o
         CXX arch-linux2-cxx-debug/obj/src/sys/utils/ftn-auto/mpiuf.o
         CXX arch-linux2-cxx-debug/obj/src/sys/utils/ftn-auto/mpitsf.o
         CXX arch-linux2-cxx-debug/obj/src/sys/utils/ftn-auto/sortif.o
         CXX arch-linux2-cxx-debug/obj/src/sys/utils/ftn-auto/sortdf.o
         CXX arch-linux2-cxx-debug/obj/src/sys/utils/ftn-auto/psplitf.o
         CXX arch-linux2-cxx-debug/obj/src/sys/utils/ftn-auto/sortipf.o
         CXX arch-linux2-cxx-debug/obj/src/sys/utils/ftn-auto/psleepf.o
         CXX arch-linux2-cxx-debug/obj/src/sys/utils/ftn-custom/zarchf.o
         CXX arch-linux2-cxx-debug/obj/src/sys/utils/ftn-custom/zstrf.o
         CXX arch-linux2-cxx-debug/obj/src/sys/utils/ftn-custom/zpbarrierf.o
         CXX arch-linux2-cxx-debug/obj/src/sys/utils/ftn-custom/zfhostf.o
         CXX arch-linux2-cxx-debug/obj/src/sys/error/adebug.o
         CXX arch-linux2-cxx-debug/obj/src/sys/error/err.o
         CXX arch-linux2-cxx-debug/obj/src/sys/error/errtrace.o
         CXX arch-linux2-cxx-debug/obj/src/sys/error/errabort.o
         CXX arch-linux2-cxx-debug/obj/src/sys/error/errstop.o
         CXX arch-linux2-cxx-debug/obj/src/sys/error/fp.o
         CXX arch-linux2-cxx-debug/obj/src/sys/error/signal.o
         CXX arch-linux2-cxx-debug/obj/src/sys/error/pstack.o
         CXX arch-linux2-cxx-debug/obj/src/sys/error/checkptr.o
         CXX arch-linux2-cxx-debug/obj/src/sys/error/ftn-auto/adebugf.o
         CXX arch-linux2-cxx-debug/obj/src/sys/error/ftn-auto/signalf.o
         CXX arch-linux2-cxx-debug/obj/src/sys/error/ftn-auto/errf.o
         CXX arch-linux2-cxx-debug/obj/src/sys/error/ftn-auto/checkptrf.o
         CXX arch-linux2-cxx-debug/obj/src/sys/error/ftn-auto/fpf.o
         CXX arch-linux2-cxx-debug/obj/src/sys/error/ftn-custom/zerrf.o
         CXX arch-linux2-cxx-debug/obj/src/sys/dll/dlimpl.o
         CXX arch-linux2-cxx-debug/obj/src/sys/dll/dl.o
         CXX arch-linux2-cxx-debug/obj/src/sys/dll/reg.o
         CXX arch-linux2-cxx-debug/obj/src/sys/dll/ftn-auto/regf.o
         CXX arch-linux2-cxx-debug/obj/src/sys/classes/viewer/interface/view.o
         CXX arch-linux2-cxx-debug/obj/src/sys/classes/viewer/interface/flush.o
         CXX arch-linux2-cxx-debug/obj/src/sys/classes/viewer/interface/viewregall.o
         CXX arch-linux2-cxx-debug/obj/src/sys/classes/viewer/interface/viewreg.o
         CXX arch-linux2-cxx-debug/obj/src/sys/classes/viewer/interface/viewa.o
         CXX arch-linux2-cxx-debug/obj/src/sys/classes/viewer/interface/dlregispetsc.o
         CXX arch-linux2-cxx-debug/obj/src/sys/classes/viewer/interface/viewers.o
         CXX arch-linux2-cxx-debug/obj/src/sys/classes/viewer/interface/dupl.o
         CXX arch-linux2-cxx-debug/obj/src/sys/classes/viewer/interface/ftn-auto/flushf.o
         CXX arch-linux2-cxx-debug/obj/src/sys/classes/viewer/interface/ftn-auto/viewf.o
         CXX arch-linux2-cxx-debug/obj/src/sys/classes/viewer/interface/ftn-auto/duplf.o
         CXX arch-linux2-cxx-debug/obj/src/sys/classes/viewer/interface/ftn-auto/viewregf.o
         CXX arch-linux2-cxx-debug/obj/src/sys/classes/viewer/interface/ftn-custom/zviewaf.o
         CXX arch-linux2-cxx-debug/obj/src/sys/classes/viewer/interface/ftn-custom/zviewasetf.o
         CXX arch-linux2-cxx-debug/obj/src/sys/classes/viewer/impls/binary/binv.o
         CXX arch-linux2-cxx-debug/obj/src/sys/classes/viewer/impls/binary/ftn-auto/binvf.o
         CXX arch-linux2-cxx-debug/obj/src/sys/classes/viewer/impls/binary/f90-custom/zbinvf90.o
         CXX arch-linux2-cxx-debug/obj/src/sys/classes/viewer/impls/binary/ftn-custom/zbinvf.o
         CXX arch-linux2-cxx-debug/obj/src/sys/classes/viewer/impls/draw/drawv.o
         CXX arch-linux2-cxx-debug/obj/src/sys/classes/viewer/impls/draw/ftn-auto/drawvf.o
         CXX arch-linux2-cxx-debug/obj/src/sys/classes/viewer/impls/draw/ftn-custom/zdrawvf.o
         CXX arch-linux2-cxx-debug/obj/src/sys/classes/viewer/impls/string/stringv.o
         CXX arch-linux2-cxx-debug/obj/src/sys/classes/viewer/impls/string/ftn-custom/zstringvf.o
         CXX arch-linux2-cxx-debug/obj/src/sys/classes/viewer/impls/vtk/vtkv.o
         CXX arch-linux2-cxx-debug/obj/src/sys/classes/viewer/impls/vtk/ftn-custom/zvtkvf.o
         CXX arch-linux2-cxx-debug/obj/src/sys/classes/viewer/impls/socket/send.o
         CXX arch-linux2-cxx-debug/obj/src/sys/classes/viewer/impls/socket/ftn-custom/zsendf.o
         CXX arch-linux2-cxx-debug/obj/src/sys/classes/viewer/impls/vu/petscvu.o
         CXX arch-linux2-cxx-debug/obj/src/sys/classes/viewer/impls/ascii/filev.o
         CXX arch-linux2-cxx-debug/obj/src/sys/classes/viewer/impls/ascii/vcreatea.o
         CXX arch-linux2-cxx-debug/obj/src/sys/classes/viewer/impls/ascii/ftn-auto/filevf.o
         CXX arch-linux2-cxx-debug/obj/src/sys/classes/viewer/impls/ascii/ftn-custom/zfilevf.o
         CXX arch-linux2-cxx-debug/obj/src/sys/classes/viewer/impls/ascii/ftn-custom/zvcreatef.o
         CXX arch-linux2-cxx-debug/obj/src/sys/classes/bag/bag.o
         CXX arch-linux2-cxx-debug/obj/src/sys/classes/bag/ftn-auto/bagf.o
         CXX arch-linux2-cxx-debug/obj/src/sys/classes/bag/f90-custom/zbagf90.o
         CXX arch-linux2-cxx-debug/obj/src/sys/classes/bag/ftn-custom/zbagf.o
         CXX arch-linux2-cxx-debug/obj/src/sys/classes/draw/interface/draw.o
         CXX arch-linux2-cxx-debug/obj/src/sys/classes/draw/interface/dcoor.o
         CXX arch-linux2-cxx-debug/obj/src/sys/classes/draw/interface/dtext.o
         CXX arch-linux2-cxx-debug/obj/src/sys/classes/draw/interface/dpoint.o
         CXX arch-linux2-cxx-debug/obj/src/sys/classes/draw/interface/dmarker.o
         CXX arch-linux2-cxx-debug/obj/src/sys/classes/draw/interface/dline.o
         CXX arch-linux2-cxx-debug/obj/src/sys/classes/draw/interface/dpause.o
         CXX arch-linux2-cxx-debug/obj/src/sys/classes/draw/interface/dflush.o
         CXX arch-linux2-cxx-debug/obj/src/sys/classes/draw/interface/dsave.o
         CXX arch-linux2-cxx-debug/obj/src/sys/classes/draw/interface/dclear.o
         CXX arch-linux2-cxx-debug/obj/src/sys/classes/draw/interface/dmouse.o
         CXX arch-linux2-cxx-debug/obj/src/sys/classes/draw/interface/dviewp.o
         CXX arch-linux2-cxx-debug/obj/src/sys/classes/draw/interface/dtri.o
         CXX arch-linux2-cxx-debug/obj/src/sys/classes/draw/interface/drect.o
         CXX arch-linux2-cxx-debug/obj/src/sys/classes/draw/interface/dellipse.o
         CXX arch-linux2-cxx-debug/obj/src/sys/classes/draw/interface/drawreg.o
         CXX arch-linux2-cxx-debug/obj/src/sys/classes/draw/interface/drawregall.o
         CXX arch-linux2-cxx-debug/obj/src/sys/classes/draw/interface/ftn-auto/dtextf.o
         CXX arch-linux2-cxx-debug/obj/src/sys/classes/draw/interface/ftn-auto/drectf.o
         CXX arch-linux2-cxx-debug/obj/src/sys/classes/draw/interface/ftn-auto/dsavef.o
         CXX arch-linux2-cxx-debug/obj/src/sys/classes/draw/interface/ftn-auto/dtrif.o
         CXX arch-linux2-cxx-debug/obj/src/sys/classes/draw/interface/ftn-auto/dclearf.o
         CXX arch-linux2-cxx-debug/obj/src/sys/classes/draw/interface/ftn-auto/dellipsef.o
         CXX arch-linux2-cxx-debug/obj/src/sys/classes/draw/interface/ftn-auto/dviewpf.o
         CXX arch-linux2-cxx-debug/obj/src/sys/classes/draw/interface/ftn-auto/dpausef.o
         CXX arch-linux2-cxx-debug/obj/src/sys/classes/draw/interface/ftn-auto/dmousef.o
         CXX arch-linux2-cxx-debug/obj/src/sys/classes/draw/interface/ftn-auto/dlinef.o
         CXX arch-linux2-cxx-debug/obj/src/sys/classes/draw/interface/ftn-auto/drawf.o
         CXX arch-linux2-cxx-debug/obj/src/sys/classes/draw/interface/ftn-auto/dcoorf.o
         CXX arch-linux2-cxx-debug/obj/src/sys/classes/draw/interface/ftn-auto/dmarkerf.o
         CXX arch-linux2-cxx-debug/obj/src/sys/classes/draw/interface/ftn-auto/drawregf.o
         CXX arch-linux2-cxx-debug/obj/src/sys/classes/draw/interface/ftn-auto/dflushf.o
         CXX arch-linux2-cxx-debug/obj/src/sys/classes/draw/interface/ftn-auto/dpointf.o
         CXX arch-linux2-cxx-debug/obj/src/sys/classes/draw/interface/ftn-custom/zdrawf.o
         CXX arch-linux2-cxx-debug/obj/src/sys/classes/draw/interface/ftn-custom/zdrawregf.o
         CXX arch-linux2-cxx-debug/obj/src/sys/classes/draw/interface/ftn-custom/zdtextf.o
         CXX arch-linux2-cxx-debug/obj/src/sys/classes/draw/interface/ftn-custom/zdtrif.o
         CXX arch-linux2-cxx-debug/obj/src/sys/classes/draw/impls/tikz/tikz.o
         CXX arch-linux2-cxx-debug/obj/src/sys/classes/draw/impls/image/drawimage.o
         CXX arch-linux2-cxx-debug/obj/src/sys/classes/draw/impls/x/xinit.o
         CXX arch-linux2-cxx-debug/obj/src/sys/classes/draw/impls/x/ximage.o
         CXX arch-linux2-cxx-debug/obj/src/sys/classes/draw/impls/x/xcolor.o
         CXX arch-linux2-cxx-debug/obj/src/sys/classes/draw/impls/x/xops.o
         CXX arch-linux2-cxx-debug/obj/src/sys/classes/draw/impls/x/xioerr.o
         CXX arch-linux2-cxx-debug/obj/src/sys/classes/draw/impls/x/xtext.o
         CXX arch-linux2-cxx-debug/obj/src/sys/classes/draw/impls/x/xtone.o
         CXX arch-linux2-cxx-debug/obj/src/sys/classes/draw/impls/x/drawopenx.o
         CXX arch-linux2-cxx-debug/obj/src/sys/classes/draw/impls/x/ftn-custom/zdrawopenxf.o
         CXX arch-linux2-cxx-debug/obj/src/sys/classes/draw/impls/null/drawnull.o
         CXX arch-linux2-cxx-debug/obj/src/sys/classes/draw/impls/null/ftn-auto/drawnullf.o
         CXX arch-linux2-cxx-debug/obj/src/sys/classes/draw/utils/axis.o
         CXX arch-linux2-cxx-debug/obj/src/sys/classes/draw/utils/lg.o
         CXX arch-linux2-cxx-debug/obj/src/sys/classes/draw/utils/dscatter.o
         CXX arch-linux2-cxx-debug/obj/src/sys/classes/draw/utils/hists.o
         CXX arch-linux2-cxx-debug/obj/src/sys/classes/draw/utils/zoom.o
         CXX arch-linux2-cxx-debug/obj/src/sys/classes/draw/utils/cmap.o
         CXX arch-linux2-cxx-debug/obj/src/sys/classes/draw/utils/lgc.o
         CXX arch-linux2-cxx-debug/obj/src/sys/classes/draw/utils/axisc.o
         CXX arch-linux2-cxx-debug/obj/src/sys/classes/draw/utils/bars.o
         CXX arch-linux2-cxx-debug/obj/src/sys/classes/draw/utils/image.o
         CXX arch-linux2-cxx-debug/obj/src/sys/classes/draw/utils/ftn-auto/lgf.o
         CXX arch-linux2-cxx-debug/obj/src/sys/classes/draw/utils/ftn-auto/histsf.o
         CXX arch-linux2-cxx-debug/obj/src/sys/classes/draw/utils/ftn-auto/dscatterf.o
         CXX arch-linux2-cxx-debug/obj/src/sys/classes/draw/utils/ftn-auto/barsf.o
         CXX arch-linux2-cxx-debug/obj/src/sys/classes/draw/utils/ftn-auto/axiscf.o
         CXX arch-linux2-cxx-debug/obj/src/sys/classes/draw/utils/ftn-auto/lgcf.o
         CXX arch-linux2-cxx-debug/obj/src/sys/classes/draw/utils/ftn-custom/zaxisf.o
         CXX arch-linux2-cxx-debug/obj/src/sys/classes/draw/utils/ftn-custom/zlgcf.o
         CXX arch-linux2-cxx-debug/obj/src/sys/classes/draw/utils/ftn-custom/zzoomf.o
         CXX arch-linux2-cxx-debug/obj/src/sys/classes/random/interface/random.o
         CXX arch-linux2-cxx-debug/obj/src/sys/classes/random/interface/randreg.o
         CXX arch-linux2-cxx-debug/obj/src/sys/classes/random/interface/dlregisrand.o
         CXX arch-linux2-cxx-debug/obj/src/sys/classes/random/interface/randomc.o
         CXX arch-linux2-cxx-debug/obj/src/sys/classes/random/interface/ftn-auto/randomcf.o
         CXX arch-linux2-cxx-debug/obj/src/sys/classes/random/interface/ftn-auto/randomf.o
         CXX arch-linux2-cxx-debug/obj/src/sys/classes/random/interface/ftn-custom/zrandomf.o
         CXX arch-linux2-cxx-debug/obj/src/sys/classes/random/impls/rander48/rander48.o
         CXX arch-linux2-cxx-debug/obj/src/sys/classes/random/impls/rand/rand.o
         CXX arch-linux2-cxx-debug/obj/src/sys/classes/random/impls/rand48/rand48.o
         CXX arch-linux2-cxx-debug/obj/src/sys/memory/mal.o
         CXX arch-linux2-cxx-debug/obj/src/sys/memory/mem.o
         CXX arch-linux2-cxx-debug/obj/src/sys/memory/mtr.o
         CXX arch-linux2-cxx-debug/obj/src/sys/memory/ftn-auto/memf.o
         CXX arch-linux2-cxx-debug/obj/src/sys/memory/ftn-custom/zmtrf.o
         CXX arch-linux2-cxx-debug/obj/src/sys/totalview/tv_data_display.o
         CXX arch-linux2-cxx-debug/obj/src/sys/fileio/ffpath.o
         CXX arch-linux2-cxx-debug/obj/src/sys/fileio/ftest.o
         CXX arch-linux2-cxx-debug/obj/src/sys/fileio/ghome.o
         CXX arch-linux2-cxx-debug/obj/src/sys/fileio/mpiuopen.o
         CXX arch-linux2-cxx-debug/obj/src/sys/fileio/rpath.o
         CXX arch-linux2-cxx-debug/obj/src/sys/fileio/fpath.o
         CXX arch-linux2-cxx-debug/obj/src/sys/fileio/fwd.o
         CXX arch-linux2-cxx-debug/obj/src/sys/fileio/grpath.o
         CXX arch-linux2-cxx-debug/obj/src/sys/fileio/mprint.o
         CXX arch-linux2-cxx-debug/obj/src/sys/fileio/sysio.o
         CXX arch-linux2-cxx-debug/obj/src/sys/fileio/fretrieve.o
         CXX arch-linux2-cxx-debug/obj/src/sys/fileio/smatlab.o
         CXX arch-linux2-cxx-debug/obj/src/sys/fileio/fdir.o
         CXX arch-linux2-cxx-debug/obj/src/sys/fileio/ftn-auto/sysiof.o
         CXX arch-linux2-cxx-debug/obj/src/sys/fileio/ftn-auto/mpiuopenf.o
         CXX arch-linux2-cxx-debug/obj/src/sys/fileio/ftn-custom/zghomef.o
         CXX arch-linux2-cxx-debug/obj/src/sys/fileio/ftn-custom/zmpiuopenf.o
         CXX arch-linux2-cxx-debug/obj/src/sys/fileio/ftn-custom/zmprintf.o
         CXX arch-linux2-cxx-debug/obj/src/sys/fileio/ftn-custom/zsysiof.o
         CXX arch-linux2-cxx-debug/obj/src/sys/logging/plog.o
         CXX arch-linux2-cxx-debug/obj/src/sys/logging/xmllogevent.o
         CXX arch-linux2-cxx-debug/obj/src/sys/logging/xmlviewer.o
         CXX arch-linux2-cxx-debug/obj/src/sys/logging/ftn-auto/plogf.o
         CXX arch-linux2-cxx-debug/obj/src/sys/logging/utils/classlog.o
         CXX arch-linux2-cxx-debug/obj/src/sys/logging/utils/stagelog.o
         CXX arch-linux2-cxx-debug/obj/src/sys/logging/utils/eventlog.o
         CXX arch-linux2-cxx-debug/obj/src/sys/logging/utils/stack.o
         CXX arch-linux2-cxx-debug/obj/src/sys/logging/ftn-custom/zplogf.o
         CXX arch-linux2-cxx-debug/obj/src/sys/f90-src/f90_cwrap.o
          FC arch-linux2-cxx-debug/obj/src/sys/mpiuni/fsrc/somempifort.o
          FC arch-linux2-cxx-debug/obj/src/sys/mpiuni/f90-mod/mpiunimod.o
          FC arch-linux2-cxx-debug/obj/src/sys/objects/f2003-src/fsrc/optionenum.o
          FC arch-linux2-cxx-debug/obj/src/sys/classes/bag/f2003-src/fsrc/bagenum.o
          FC arch-linux2-cxx-debug/obj/src/sys/fsrc/somefort.o
          FC arch-linux2-cxx-debug/obj/src/sys/f90-mod/petscsysmod.o
          FC arch-linux2-cxx-debug/obj/src/sys/f90-src/fsrc/f90_fwrap.o
         CXX arch-linux2-cxx-debug/obj/src/vec/is/is/interface/index.o
         CXX arch-linux2-cxx-debug/obj/src/vec/is/is/interface/isregall.o
         CXX arch-linux2-cxx-debug/obj/src/vec/is/is/interface/isreg.o
         CXX arch-linux2-cxx-debug/obj/src/vec/is/is/interface/ftn-auto/indexf.o
         CXX arch-linux2-cxx-debug/obj/src/vec/is/is/interface/ftn-auto/isregf.o
         CXX arch-linux2-cxx-debug/obj/src/vec/is/is/interface/f90-custom/zindexf90.o
         CXX arch-linux2-cxx-debug/obj/src/vec/is/is/interface/ftn-custom/zindexf.o
         CXX arch-linux2-cxx-debug/obj/src/vec/is/is/impls/stride/stride.o
         CXX arch-linux2-cxx-debug/obj/src/vec/is/is/impls/stride/ftn-auto/stridef.o
         CXX arch-linux2-cxx-debug/obj/src/vec/is/is/impls/general/general.o
         CXX arch-linux2-cxx-debug/obj/src/vec/is/is/impls/general/ftn-auto/generalf.o
         CXX arch-linux2-cxx-debug/obj/src/vec/is/is/impls/block/block.o
         CXX arch-linux2-cxx-debug/obj/src/vec/is/is/impls/block/ftn-auto/blockf.o
         CXX arch-linux2-cxx-debug/obj/src/vec/is/is/impls/block/ftn-custom/zblockf.o
         CXX arch-linux2-cxx-debug/obj/src/vec/is/is/impls/f90-custom/zblockf90.o
         CXX arch-linux2-cxx-debug/obj/src/vec/is/is/utils/iscomp.o
         CXX arch-linux2-cxx-debug/obj/src/vec/is/is/utils/iscoloring.o
         CXX arch-linux2-cxx-debug/obj/src/vec/is/is/utils/isdiff.o
         CXX arch-linux2-cxx-debug/obj/src/vec/is/is/utils/isblock.o
         CXX arch-linux2-cxx-debug/obj/src/vec/is/is/utils/ftn-auto/isblockf.o
         CXX arch-linux2-cxx-debug/obj/src/vec/is/is/utils/ftn-auto/isdifff.o
         CXX arch-linux2-cxx-debug/obj/src/vec/is/is/utils/ftn-auto/iscompf.o
         CXX arch-linux2-cxx-debug/obj/src/vec/is/is/utils/ftn-auto/iscoloringf.o
         CXX arch-linux2-cxx-debug/obj/src/vec/is/is/utils/f90-custom/ziscoloringf90.o
         CXX arch-linux2-cxx-debug/obj/src/vec/is/is/utils/ftn-custom/ziscoloringf.o
         CXX arch-linux2-cxx-debug/obj/src/vec/is/utils/isio.o
         CXX arch-linux2-cxx-debug/obj/src/vec/is/utils/isltog.o
         CXX arch-linux2-cxx-debug/obj/src/vec/is/utils/pmap.o
         CXX arch-linux2-cxx-debug/obj/src/vec/is/utils/vsectionis.o
         CXX arch-linux2-cxx-debug/obj/src/vec/is/utils/ftn-auto/vsectionisf.o
         CXX arch-linux2-cxx-debug/obj/src/vec/is/utils/ftn-auto/isltogf.o
         CXX arch-linux2-cxx-debug/obj/src/vec/is/utils/ftn-auto/pmapf.o
         CXX arch-linux2-cxx-debug/obj/src/vec/is/utils/f90-custom/zisltogf90.o
         CXX arch-linux2-cxx-debug/obj/src/vec/is/utils/f90-custom/zvsectionisf90.o
         CXX arch-linux2-cxx-debug/obj/src/vec/is/utils/ftn-custom/zisltogf.o
         CXX arch-linux2-cxx-debug/obj/src/vec/is/sf/interface/dlregissf.o
         CXX arch-linux2-cxx-debug/obj/src/vec/is/sf/interface/sfregi.o
         CXX arch-linux2-cxx-debug/obj/src/vec/is/sf/interface/sf.o
         CXX arch-linux2-cxx-debug/obj/src/vec/is/sf/interface/sftype.o
         CXX arch-linux2-cxx-debug/obj/src/vec/is/sf/interface/ftn-auto/sff.o
         CXX arch-linux2-cxx-debug/obj/src/vec/is/sf/interface/ftn-custom/zsf.o
         CXX arch-linux2-cxx-debug/obj/src/vec/is/sf/impls/basic/sfbasic.o
         CXX arch-linux2-cxx-debug/obj/src/vec/is/ao/interface/ao.o
         CXX arch-linux2-cxx-debug/obj/src/vec/is/ao/interface/dlregisdm.o
         CXX arch-linux2-cxx-debug/obj/src/vec/is/ao/interface/aoreg.o
         CXX arch-linux2-cxx-debug/obj/src/vec/is/ao/interface/aoregall.o
         CXX arch-linux2-cxx-debug/obj/src/vec/is/ao/interface/ftn-auto/aof.o
         CXX arch-linux2-cxx-debug/obj/src/vec/is/ao/interface/ftn-custom/zaof.o
         CXX arch-linux2-cxx-debug/obj/src/vec/is/ao/impls/memscalable/aomemscalable.o
         CXX arch-linux2-cxx-debug/obj/src/vec/is/ao/impls/mapping/aomapping.o
         CXX arch-linux2-cxx-debug/obj/src/vec/is/ao/impls/mapping/ftn-auto/aomappingf.o
         CXX arch-linux2-cxx-debug/obj/src/vec/is/ao/impls/mapping/ftn-custom/zaomappingf.o
         CXX arch-linux2-cxx-debug/obj/src/vec/is/ao/impls/basic/aobasic.o
         CXX arch-linux2-cxx-debug/obj/src/vec/is/ao/impls/basic/ftn-custom/zaobasicf.o
         CXX arch-linux2-cxx-debug/obj/src/vec/pf/interface/pf.o
         CXX arch-linux2-cxx-debug/obj/src/vec/pf/interface/pfall.o
         CXX arch-linux2-cxx-debug/obj/src/vec/pf/interface/ftn-auto/pff.o
         CXX arch-linux2-cxx-debug/obj/src/vec/pf/impls/constant/const.o
         CXX arch-linux2-cxx-debug/obj/src/vec/pf/impls/string/cstring.o
         CXX arch-linux2-cxx-debug/obj/src/vec/vec/interface/vector.o
         CXX arch-linux2-cxx-debug/obj/src/vec/vec/interface/veccreate.o
         CXX arch-linux2-cxx-debug/obj/src/vec/vec/interface/vecreg.o
         CXX arch-linux2-cxx-debug/obj/src/vec/vec/interface/vecregall.o
         CXX arch-linux2-cxx-debug/obj/src/vec/vec/interface/dlregisvec.o
         CXX arch-linux2-cxx-debug/obj/src/vec/vec/interface/rvector.o
         CXX arch-linux2-cxx-debug/obj/src/vec/vec/interface/ftn-auto/vectorf.o
         CXX arch-linux2-cxx-debug/obj/src/vec/vec/interface/ftn-auto/veccreatef.o
         CXX arch-linux2-cxx-debug/obj/src/vec/vec/interface/ftn-auto/rvectorf.o
         CXX arch-linux2-cxx-debug/obj/src/vec/vec/interface/f90-custom/zvectorf90.o
         CXX arch-linux2-cxx-debug/obj/src/vec/vec/interface/ftn-custom/zvecregf.o
         CXX arch-linux2-cxx-debug/obj/src/vec/vec/interface/ftn-custom/zvectorf.o
         CXX arch-linux2-cxx-debug/obj/src/vec/vec/impls/shared/shvec.o
         CXX arch-linux2-cxx-debug/obj/src/vec/vec/impls/shared/ftn-auto/shvecf.o
         CXX arch-linux2-cxx-debug/obj/src/vec/vec/impls/nest/vecnest.o
         CXX arch-linux2-cxx-debug/obj/src/vec/vec/impls/nest/ftn-auto/vecnestf.o
         CXX arch-linux2-cxx-debug/obj/src/vec/vec/impls/nest/ftn-custom/zvecnestf.o
         CXX arch-linux2-cxx-debug/obj/src/vec/vec/impls/seq/bvec2.o
         CXX arch-linux2-cxx-debug/obj/src/vec/vec/impls/seq/bvec1.o
         CXX arch-linux2-cxx-debug/obj/src/vec/vec/impls/seq/dvec2.o
         CXX arch-linux2-cxx-debug/obj/src/vec/vec/impls/seq/vseqcr.o
         CXX arch-linux2-cxx-debug/obj/src/vec/vec/impls/seq/bvec3.o
         CXX arch-linux2-cxx-debug/obj/src/vec/vec/impls/seq/ftn-custom/zbvec2f.o
         CXX arch-linux2-cxx-debug/obj/src/vec/vec/impls/seq/ftn-custom/zvsectionf.o
         CXX arch-linux2-cxx-debug/obj/src/vec/vec/impls/seq/ftn-auto/vseqcrf.o
         CXX arch-linux2-cxx-debug/obj/src/vec/vec/impls/mpi/pbvec.o
         CXX arch-linux2-cxx-debug/obj/src/vec/vec/impls/mpi/pdvec.o
         CXX arch-linux2-cxx-debug/obj/src/vec/vec/impls/mpi/pvec2.o
         CXX arch-linux2-cxx-debug/obj/src/vec/vec/impls/mpi/vmpicr.o
         CXX arch-linux2-cxx-debug/obj/src/vec/vec/impls/mpi/commonmpvec.o
         CXX arch-linux2-cxx-debug/obj/src/vec/vec/impls/mpi/ftn-auto/pbvecf.o
         CXX arch-linux2-cxx-debug/obj/src/vec/vec/impls/mpi/ftn-auto/commonmpvecf.o
         CXX arch-linux2-cxx-debug/obj/src/vec/vec/impls/mpi/ftn-auto/vmpicrf.o
         CXX arch-linux2-cxx-debug/obj/src/vec/vec/impls/mpi/ftn-custom/zpbvecf.o
         CXX arch-linux2-cxx-debug/obj/src/vec/vec/utils/vinv.o
         CXX arch-linux2-cxx-debug/obj/src/vec/vec/utils/vscat.o
         CXX arch-linux2-cxx-debug/obj/src/vec/vec/utils/vpscat.o
         CXX arch-linux2-cxx-debug/obj/src/vec/vec/utils/vecio.o
         CXX arch-linux2-cxx-debug/obj/src/vec/vec/utils/comb.o
         CXX arch-linux2-cxx-debug/obj/src/vec/vec/utils/vecstash.o
         CXX arch-linux2-cxx-debug/obj/src/vec/vec/utils/vecmpitoseq.o
         CXX arch-linux2-cxx-debug/obj/src/vec/vec/utils/vecs.o
         CXX arch-linux2-cxx-debug/obj/src/vec/vec/utils/vsection.o
         CXX arch-linux2-cxx-debug/obj/src/vec/vec/utils/projection.o
         CXX arch-linux2-cxx-debug/obj/src/vec/vec/utils/ftn-auto/vpscatf.o
         CXX arch-linux2-cxx-debug/obj/src/vec/vec/utils/ftn-auto/vecmpitoseqf.o
         CXX arch-linux2-cxx-debug/obj/src/vec/vec/utils/ftn-auto/vscatf.o
         CXX arch-linux2-cxx-debug/obj/src/vec/vec/utils/ftn-auto/veciof.o
         CXX arch-linux2-cxx-debug/obj/src/vec/vec/utils/ftn-auto/projectionf.o
         CXX arch-linux2-cxx-debug/obj/src/vec/vec/utils/ftn-auto/combf.o
         CXX arch-linux2-cxx-debug/obj/src/vec/vec/utils/ftn-auto/vinvf.o
         CXX arch-linux2-cxx-debug/obj/src/vec/vec/utils/f90-custom/zvsectionf90.o
         CXX arch-linux2-cxx-debug/obj/src/vec/vec/utils/ftn-custom/zvscatf.o
          FC arch-linux2-cxx-debug/obj/src/vec/f90-mod/petscvecmod.o
         CXX arch-linux2-cxx-debug/obj/src/mat/ftn-custom/zmat.o
         CXX arch-linux2-cxx-debug/obj/src/mat/color/interface/matcoloring.o
         CXX arch-linux2-cxx-debug/obj/src/mat/color/interface/matcoloringregi.o
         CXX arch-linux2-cxx-debug/obj/src/mat/color/interface/ftn-auto/matcoloringf.o
         CXX arch-linux2-cxx-debug/obj/src/mat/color/interface/ftn-custom/zmatcoloringf.o
         CXX arch-linux2-cxx-debug/obj/src/mat/color/impls/minpack/color.o
         CXX arch-linux2-cxx-debug/obj/src/mat/color/impls/minpack/degr.o
         CXX arch-linux2-cxx-debug/obj/src/mat/color/impls/minpack/dsm.o
         CXX arch-linux2-cxx-debug/obj/src/mat/color/impls/minpack/ido.o
         CXX arch-linux2-cxx-debug/obj/src/mat/color/impls/minpack/numsrt.o
         CXX arch-linux2-cxx-debug/obj/src/mat/color/impls/minpack/seq.o
         CXX arch-linux2-cxx-debug/obj/src/mat/color/impls/minpack/setr.o
         CXX arch-linux2-cxx-debug/obj/src/mat/color/impls/minpack/slo.o
         CXX arch-linux2-cxx-debug/obj/src/mat/color/impls/natural/natural.o
         CXX arch-linux2-cxx-debug/obj/src/mat/color/impls/jp/jp.o
         CXX arch-linux2-cxx-debug/obj/src/mat/color/impls/power/power.o
         CXX arch-linux2-cxx-debug/obj/src/mat/color/impls/greedy/greedy.o
         CXX arch-linux2-cxx-debug/obj/src/mat/color/utils/bipartite.o
         CXX arch-linux2-cxx-debug/obj/src/mat/color/utils/valid.o
         CXX arch-linux2-cxx-debug/obj/src/mat/color/utils/weights.o
         CXX arch-linux2-cxx-debug/obj/src/mat/partition/partition.o
         CXX arch-linux2-cxx-debug/obj/src/mat/partition/spartition.o
         CXX arch-linux2-cxx-debug/obj/src/mat/partition/ftn-auto/partitionf.o
         CXX arch-linux2-cxx-debug/obj/src/mat/partition/impls/hierarchical/hierarchical.o
         CXX arch-linux2-cxx-debug/obj/src/mat/partition/ftn-custom/zpartitionf.o
         CXX arch-linux2-cxx-debug/obj/src/mat/coarsen/coarsen.o
         CXX arch-linux2-cxx-debug/obj/src/mat/coarsen/scoarsen.o
         CXX arch-linux2-cxx-debug/obj/src/mat/coarsen/ftn-auto/coarsenf.o
         CXX arch-linux2-cxx-debug/obj/src/mat/coarsen/impls/hem/hem.o
         CXX arch-linux2-cxx-debug/obj/src/mat/coarsen/impls/mis/mis.o
         CXX arch-linux2-cxx-debug/obj/src/mat/impls/submat/submat.o
         CXX arch-linux2-cxx-debug/obj/src/mat/impls/submat/ftn-auto/submatf.o
         CXX arch-linux2-cxx-debug/obj/src/mat/impls/is/matis.o
         CXX arch-linux2-cxx-debug/obj/src/mat/impls/is/ftn-auto/matisf.o
         CXX arch-linux2-cxx-debug/obj/src/mat/impls/fft/fft.o
         CXX arch-linux2-cxx-debug/obj/src/mat/impls/fft/ftn-custom/zfftf.o
         CXX arch-linux2-cxx-debug/obj/src/mat/impls/baij/seq/baij.o
         CXX arch-linux2-cxx-debug/obj/src/mat/impls/baij/seq/baij2.o
         CXX arch-linux2-cxx-debug/obj/src/mat/impls/baij/seq/baijfact.o
         CXX arch-linux2-cxx-debug/obj/src/mat/impls/baij/seq/baijfact2.o
         CXX arch-linux2-cxx-debug/obj/src/mat/impls/baij/seq/dgefa.o
         CXX arch-linux2-cxx-debug/obj/src/mat/impls/baij/seq/dgedi.o
         CXX arch-linux2-cxx-debug/obj/src/mat/impls/baij/seq/dgefa3.o
         CXX arch-linux2-cxx-debug/obj/src/mat/impls/baij/seq/dgefa4.o
         CXX arch-linux2-cxx-debug/obj/src/mat/impls/baij/seq/dgefa5.o
         CXX arch-linux2-cxx-debug/obj/src/mat/impls/baij/seq/dgefa2.o
         CXX arch-linux2-cxx-debug/obj/src/mat/impls/baij/seq/dgefa6.o
         CXX arch-linux2-cxx-debug/obj/src/mat/impls/baij/seq/dgefa7.o
         CXX arch-linux2-cxx-debug/obj/src/mat/impls/baij/seq/aijbaij.o
         CXX arch-linux2-cxx-debug/obj/src/mat/impls/baij/seq/baijfact3.o
         CXX arch-linux2-cxx-debug/obj/src/mat/impls/baij/seq/baijfact4.o
         CXX arch-linux2-cxx-debug/obj/src/mat/impls/baij/seq/baijfact5.o
         CXX arch-linux2-cxx-debug/obj/src/mat/impls/baij/seq/baijfact7.o
         CXX arch-linux2-cxx-debug/obj/src/mat/impls/baij/seq/baijfact9.o
         CXX arch-linux2-cxx-debug/obj/src/mat/impls/baij/seq/baijfact11.o
         CXX arch-linux2-cxx-debug/obj/src/mat/impls/baij/seq/baijfact13.o
         CXX arch-linux2-cxx-debug/obj/src/mat/impls/baij/seq/baijsolvtrannat.o
         CXX arch-linux2-cxx-debug/obj/src/mat/impls/baij/seq/baijsolvtran.o
         CXX arch-linux2-cxx-debug/obj/src/mat/impls/baij/seq/baijsolv.o
         CXX arch-linux2-cxx-debug/obj/src/mat/impls/baij/seq/baijsolvnat.o
         CXX arch-linux2-cxx-debug/obj/src/mat/impls/baij/seq/ftn-auto/baijf.o
         CXX arch-linux2-cxx-debug/obj/src/mat/impls/baij/seq/ftn-custom/zbaijf.o
         CXX arch-linux2-cxx-debug/obj/src/mat/impls/baij/seq/bstream/bstream.o
         CXX arch-linux2-cxx-debug/obj/src/mat/impls/baij/seq/bstream/bstrmfact.o
         CXX arch-linux2-cxx-debug/obj/src/mat/impls/baij/mpi/mpibaij.o
         CXX arch-linux2-cxx-debug/obj/src/mat/impls/baij/mpi/mmbaij.o
         CXX arch-linux2-cxx-debug/obj/src/mat/impls/baij/mpi/baijov.o
         CXX arch-linux2-cxx-debug/obj/src/mat/impls/baij/mpi/mpb_baij.o
         CXX arch-linux2-cxx-debug/obj/src/mat/impls/baij/mpi/ftn-auto/mpibaijf.o
         CXX arch-linux2-cxx-debug/obj/src/mat/impls/baij/mpi/ftn-custom/zmpibaijf.o
         CXX arch-linux2-cxx-debug/obj/src/mat/impls/baij/mpi/bstream/mpibstream.o
         CXX arch-linux2-cxx-debug/obj/src/mat/impls/localref/mlocalref.o
         CXX arch-linux2-cxx-debug/obj/src/mat/impls/localref/ftn-auto/mlocalreff.o
         CXX arch-linux2-cxx-debug/obj/src/mat/impls/mffd/mffd.o
         CXX arch-linux2-cxx-debug/obj/src/mat/impls/mffd/mffddef.o
         CXX arch-linux2-cxx-debug/obj/src/mat/impls/mffd/mfregis.o
         CXX arch-linux2-cxx-debug/obj/src/mat/impls/mffd/wp.o
         CXX arch-linux2-cxx-debug/obj/src/mat/impls/mffd/ftn-auto/mffddeff.o
         CXX arch-linux2-cxx-debug/obj/src/mat/impls/mffd/ftn-auto/mffdf.o
         CXX arch-linux2-cxx-debug/obj/src/mat/impls/mffd/ftn-auto/wpf.o
         CXX arch-linux2-cxx-debug/obj/src/mat/impls/mffd/ftn-custom/zmffdf.o
         CXX arch-linux2-cxx-debug/obj/src/mat/impls/composite/mcomposite.o
         CXX arch-linux2-cxx-debug/obj/src/mat/impls/composite/ftn-auto/mcompositef.o
         CXX arch-linux2-cxx-debug/obj/src/mat/impls/adj/mpi/mpiadj.o
         CXX arch-linux2-cxx-debug/obj/src/mat/impls/adj/mpi/ftn-auto/mpiadjf.o
         CXX arch-linux2-cxx-debug/obj/src/mat/impls/adj/mpi/ftn-custom/zmpiadjf.o
         CXX arch-linux2-cxx-debug/obj/src/mat/impls/maij/maij.o
         CXX arch-linux2-cxx-debug/obj/src/mat/impls/maij/ftn-auto/maijf.o
         CXX arch-linux2-cxx-debug/obj/src/mat/impls/lrc/lrc.o
         CXX arch-linux2-cxx-debug/obj/src/mat/impls/lrc/ftn-auto/lrcf.o
         CXX arch-linux2-cxx-debug/obj/src/mat/impls/shell/shell.o
         CXX arch-linux2-cxx-debug/obj/src/mat/impls/shell/shellcnv.o
         CXX arch-linux2-cxx-debug/obj/src/mat/impls/shell/ftn-auto/shellf.o
         CXX arch-linux2-cxx-debug/obj/src/mat/impls/shell/ftn-custom/zshellf.o
         CXX arch-linux2-cxx-debug/obj/src/mat/impls/normal/normm.o
         CXX arch-linux2-cxx-debug/obj/src/mat/impls/normal/normmh.o
         CXX arch-linux2-cxx-debug/obj/src/mat/impls/normal/ftn-auto/normmhf.o
         CXX arch-linux2-cxx-debug/obj/src/mat/impls/normal/ftn-auto/normmf.o
         CXX arch-linux2-cxx-debug/obj/src/mat/impls/python/pythonmat.o
         CXX arch-linux2-cxx-debug/obj/src/mat/impls/python/ftn-custom/zpythonmf.o
         CXX arch-linux2-cxx-debug/obj/src/mat/impls/nest/matnest.o
         CXX arch-linux2-cxx-debug/obj/src/mat/impls/nest/ftn-auto/matnestf.o
         CXX arch-linux2-cxx-debug/obj/src/mat/impls/nest/ftn-custom/zmatnestf.o
         CXX arch-linux2-cxx-debug/obj/src/mat/impls/transpose/transm.o
         CXX arch-linux2-cxx-debug/obj/src/mat/impls/transpose/htransm.o
         CXX arch-linux2-cxx-debug/obj/src/mat/impls/transpose/ftn-auto/transmf.o
         CXX arch-linux2-cxx-debug/obj/src/mat/impls/transpose/ftn-auto/htransmf.o
         CXX arch-linux2-cxx-debug/obj/src/mat/impls/dense/seq/dense.o
         CXX arch-linux2-cxx-debug/obj/src/mat/impls/dense/seq/ftn-custom/zdensef.o
         CXX arch-linux2-cxx-debug/obj/src/mat/impls/dense/mpi/mpidense.o
         CXX arch-linux2-cxx-debug/obj/src/mat/impls/dense/mpi/mmdense.o
         CXX arch-linux2-cxx-debug/obj/src/mat/impls/dense/mpi/ftn-auto/mpidensef.o
         CXX arch-linux2-cxx-debug/obj/src/mat/impls/dense/mpi/ftn-custom/zmpidensef.o
         CXX arch-linux2-cxx-debug/obj/src/mat/impls/blockmat/seq/blockmat.o
         CXX arch-linux2-cxx-debug/obj/src/mat/impls/sbaij/seq/sbaij.o
         CXX arch-linux2-cxx-debug/obj/src/mat/impls/sbaij/seq/sbaij2.o
         CXX arch-linux2-cxx-debug/obj/src/mat/impls/sbaij/seq/sbaijfact.o
         CXX arch-linux2-cxx-debug/obj/src/mat/impls/sbaij/seq/sbaijfact2.o
         CXX arch-linux2-cxx-debug/obj/src/mat/impls/sbaij/seq/sro.o
         CXX arch-linux2-cxx-debug/obj/src/mat/impls/sbaij/seq/sbaijfact3.o
         CXX arch-linux2-cxx-debug/obj/src/mat/impls/sbaij/seq/sbaijfact4.o
         CXX arch-linux2-cxx-debug/obj/src/mat/impls/sbaij/seq/sbaijfact5.o
         CXX arch-linux2-cxx-debug/obj/src/mat/impls/sbaij/seq/sbaijfact6.o
         CXX arch-linux2-cxx-debug/obj/src/mat/impls/sbaij/seq/sbaijfact7.o
         CXX arch-linux2-cxx-debug/obj/src/mat/impls/sbaij/seq/sbaijfact8.o
         CXX arch-linux2-cxx-debug/obj/src/mat/impls/sbaij/seq/sbaijfact9.o
         CXX arch-linux2-cxx-debug/obj/src/mat/impls/sbaij/seq/sbaijfact10.o
         CXX arch-linux2-cxx-debug/obj/src/mat/impls/sbaij/seq/sbaijfact11.o
         CXX arch-linux2-cxx-debug/obj/src/mat/impls/sbaij/seq/sbaijfact12.o
         CXX arch-linux2-cxx-debug/obj/src/mat/impls/sbaij/seq/aijsbaij.o
         CXX arch-linux2-cxx-debug/obj/src/mat/impls/sbaij/seq/ftn-auto/sbaijf.o
         CXX arch-linux2-cxx-debug/obj/src/mat/impls/sbaij/seq/ftn-custom/zsbaijf.o
         CXX arch-linux2-cxx-debug/obj/src/mat/impls/sbaij/seq/sbstream/sbstream.o
         CXX arch-linux2-cxx-debug/obj/src/mat/impls/sbaij/seq/sbstream/sbstrmfact.o
         CXX arch-linux2-cxx-debug/obj/src/mat/impls/sbaij/mpi/mpisbaij.o
         CXX arch-linux2-cxx-debug/obj/src/mat/impls/sbaij/mpi/mmsbaij.o
         CXX arch-linux2-cxx-debug/obj/src/mat/impls/sbaij/mpi/sbaijov.o
         CXX arch-linux2-cxx-debug/obj/src/mat/impls/sbaij/mpi/mpiaijsbaij.o
         CXX arch-linux2-cxx-debug/obj/src/mat/impls/sbaij/mpi/ftn-auto/mpisbaijf.o
         CXX arch-linux2-cxx-debug/obj/src/mat/impls/sbaij/mpi/ftn-custom/zmpisbaijf.o
         CXX arch-linux2-cxx-debug/obj/src/mat/impls/sbaij/mpi/sbstream/mpisbstream.o
         CXX arch-linux2-cxx-debug/obj/src/mat/impls/aij/seq/aij.o
         CXX arch-linux2-cxx-debug/obj/src/mat/impls/aij/seq/aijfact.o
         CXX arch-linux2-cxx-debug/obj/src/mat/impls/aij/seq/ij.o
         CXX arch-linux2-cxx-debug/obj/src/mat/impls/aij/seq/fdaij.o
         CXX arch-linux2-cxx-debug/obj/src/mat/impls/aij/seq/matmatmult.o
         CXX arch-linux2-cxx-debug/obj/src/mat/impls/aij/seq/symtranspose.o
         CXX arch-linux2-cxx-debug/obj/src/mat/impls/aij/seq/matptap.o
         CXX arch-linux2-cxx-debug/obj/src/mat/impls/aij/seq/matrart.o
         CXX arch-linux2-cxx-debug/obj/src/mat/impls/aij/seq/inode.o
         CXX arch-linux2-cxx-debug/obj/src/mat/impls/aij/seq/inode2.o
         CXX arch-linux2-cxx-debug/obj/src/mat/impls/aij/seq/matmatmatmult.o
         CXX arch-linux2-cxx-debug/obj/src/mat/impls/aij/seq/mattransposematmult.o
         CXX arch-linux2-cxx-debug/obj/src/mat/impls/aij/seq/ftn-custom/zaijf.o
         CXX arch-linux2-cxx-debug/obj/src/mat/impls/aij/seq/bas/basfactor.o
         CXX arch-linux2-cxx-debug/obj/src/mat/impls/aij/seq/bas/spbas.o
         CXX arch-linux2-cxx-debug/obj/src/mat/impls/aij/seq/csrperm/csrperm.o
         CXX arch-linux2-cxx-debug/obj/src/mat/impls/aij/seq/crl/crl.o
         CXX arch-linux2-cxx-debug/obj/src/mat/impls/aij/seq/ftn-auto/aijf.o
         CXX arch-linux2-cxx-debug/obj/src/mat/impls/aij/mpi/mpiaij.o
         CXX arch-linux2-cxx-debug/obj/src/mat/impls/aij/mpi/mmaij.o
         CXX arch-linux2-cxx-debug/obj/src/mat/impls/aij/mpi/mpiaijpc.o
         CXX arch-linux2-cxx-debug/obj/src/mat/impls/aij/mpi/mpiov.o
         CXX arch-linux2-cxx-debug/obj/src/mat/impls/aij/mpi/fdmpiaij.o
         CXX arch-linux2-cxx-debug/obj/src/mat/impls/aij/mpi/mpiptap.o
         CXX arch-linux2-cxx-debug/obj/src/mat/impls/aij/mpi/mpimatmatmult.o
         CXX arch-linux2-cxx-debug/obj/src/mat/impls/aij/mpi/mpb_aij.o
         CXX arch-linux2-cxx-debug/obj/src/mat/impls/aij/mpi/mpimatmatmatmult.o
         CXX arch-linux2-cxx-debug/obj/src/mat/impls/aij/mpi/mpimattransposematmult.o
         CXX arch-linux2-cxx-debug/obj/src/mat/impls/aij/mpi/ftn-custom/zmpiaijf.o
         CXX arch-linux2-cxx-debug/obj/src/mat/impls/aij/mpi/csrperm/mpicsrperm.o
         CXX arch-linux2-cxx-debug/obj/src/mat/impls/aij/mpi/ftn-auto/mpiaijf.o
         CXX arch-linux2-cxx-debug/obj/src/mat/impls/aij/mpi/crl/mcrl.o
         CXX arch-linux2-cxx-debug/obj/src/mat/impls/scatter/mscatter.o
         CXX arch-linux2-cxx-debug/obj/src/mat/impls/scatter/ftn-auto/mscatterf.o
         CXX arch-linux2-cxx-debug/obj/src/mat/impls/preallocator/matpreallocator.o
         CXX arch-linux2-cxx-debug/obj/src/mat/impls/preallocator/ftn-auto/matpreallocatorf.o
         CXX arch-linux2-cxx-debug/obj/src/mat/matfd/fdmatrix.o
         CXX arch-linux2-cxx-debug/obj/src/mat/matfd/ftn-auto/fdmatrixf.o
         CXX arch-linux2-cxx-debug/obj/src/mat/matfd/ftn-custom/zfdmatrixf.o
         CXX arch-linux2-cxx-debug/obj/src/mat/interface/matrix.o
         CXX arch-linux2-cxx-debug/obj/src/mat/interface/mhas.o
         CXX arch-linux2-cxx-debug/obj/src/mat/interface/matreg.o
         CXX arch-linux2-cxx-debug/obj/src/mat/interface/matregis.o
         CXX arch-linux2-cxx-debug/obj/src/mat/interface/matnull.o
         CXX arch-linux2-cxx-debug/obj/src/mat/interface/dlregismat.o
         CXX arch-linux2-cxx-debug/obj/src/mat/interface/ftn-auto/matrixf.o
         CXX arch-linux2-cxx-debug/obj/src/mat/interface/ftn-auto/mhasf.o
         CXX arch-linux2-cxx-debug/obj/src/mat/interface/ftn-auto/matnullf.o
         CXX arch-linux2-cxx-debug/obj/src/mat/interface/f90-custom/zmatrixf90.o
         CXX arch-linux2-cxx-debug/obj/src/mat/interface/ftn-custom/zmatregf.o
         CXX arch-linux2-cxx-debug/obj/src/mat/interface/ftn-custom/zmatrixf.o
         CXX arch-linux2-cxx-debug/obj/src/mat/interface/ftn-custom/zmatnullf.o
         CXX arch-linux2-cxx-debug/obj/src/mat/order/sp1wd.o
         CXX arch-linux2-cxx-debug/obj/src/mat/order/spnd.o
         CXX arch-linux2-cxx-debug/obj/src/mat/order/spqmd.o
         CXX arch-linux2-cxx-debug/obj/src/mat/order/sprcm.o
         CXX arch-linux2-cxx-debug/obj/src/mat/order/sorder.o
         CXX arch-linux2-cxx-debug/obj/src/mat/order/spectral.o
         CXX arch-linux2-cxx-debug/obj/src/mat/order/sregis.o
         CXX arch-linux2-cxx-debug/obj/src/mat/order/degree.o
         CXX arch-linux2-cxx-debug/obj/src/mat/order/fnroot.o
         CXX arch-linux2-cxx-debug/obj/src/mat/order/genqmd.o
         CXX arch-linux2-cxx-debug/obj/src/mat/order/qmdqt.o
         CXX arch-linux2-cxx-debug/obj/src/mat/order/rcm.o
         CXX arch-linux2-cxx-debug/obj/src/mat/order/fn1wd.o
         CXX arch-linux2-cxx-debug/obj/src/mat/order/gen1wd.o
         CXX arch-linux2-cxx-debug/obj/src/mat/order/genrcm.o
         CXX arch-linux2-cxx-debug/obj/src/mat/order/qmdrch.o
         CXX arch-linux2-cxx-debug/obj/src/mat/order/rootls.o
         CXX arch-linux2-cxx-debug/obj/src/mat/order/fndsep.o
         CXX arch-linux2-cxx-debug/obj/src/mat/order/gennd.o
         CXX arch-linux2-cxx-debug/obj/src/mat/order/qmdmrg.o
         CXX arch-linux2-cxx-debug/obj/src/mat/order/qmdupd.o
         CXX arch-linux2-cxx-debug/obj/src/mat/order/wbm.o
         CXX arch-linux2-cxx-debug/obj/src/mat/order/ftn-auto/spectralf.o
         CXX arch-linux2-cxx-debug/obj/src/mat/order/ftn-custom/zsorderf.o
         CXX arch-linux2-cxx-debug/obj/src/mat/utils/convert.o
         CXX arch-linux2-cxx-debug/obj/src/mat/utils/matstash.o
         CXX arch-linux2-cxx-debug/obj/src/mat/utils/axpy.o
         CXX arch-linux2-cxx-debug/obj/src/mat/utils/zerodiag.o
         CXX arch-linux2-cxx-debug/obj/src/mat/utils/getcolv.o
         CXX arch-linux2-cxx-debug/obj/src/mat/utils/gcreate.o
         CXX arch-linux2-cxx-debug/obj/src/mat/utils/freespace.o
         CXX arch-linux2-cxx-debug/obj/src/mat/utils/compressedrow.o
         CXX arch-linux2-cxx-debug/obj/src/mat/utils/multequal.o
         CXX arch-linux2-cxx-debug/obj/src/mat/utils/matstashspace.o
         CXX arch-linux2-cxx-debug/obj/src/mat/utils/pheap.o
         CXX arch-linux2-cxx-debug/obj/src/mat/utils/bandwidth.o
         CXX arch-linux2-cxx-debug/obj/src/mat/utils/overlapsplit.o
         CXX arch-linux2-cxx-debug/obj/src/mat/utils/ftn-auto/bandwidthf.o
         CXX arch-linux2-cxx-debug/obj/src/mat/utils/ftn-auto/gcreatef.o
         CXX arch-linux2-cxx-debug/obj/src/mat/utils/ftn-auto/axpyf.o
         CXX arch-linux2-cxx-debug/obj/src/mat/utils/ftn-auto/zerodiagf.o
         CXX arch-linux2-cxx-debug/obj/src/mat/utils/ftn-auto/multequalf.o
         CXX arch-linux2-cxx-debug/obj/src/mat/utils/ftn-auto/getcolvf.o
          FC arch-linux2-cxx-debug/obj/src/mat/f90-mod/petscmatmod.o
         CXX arch-linux2-cxx-debug/obj/src/dm/label/dmlabel.o
         CXX arch-linux2-cxx-debug/obj/src/dm/label/ftn-auto/dmlabelf.o
         CXX arch-linux2-cxx-debug/obj/src/dm/label/ftn-custom/zdmlabel.o
         CXX arch-linux2-cxx-debug/obj/src/dm/impls/shell/dmshell.o
         CXX arch-linux2-cxx-debug/obj/src/dm/impls/shell/ftn-auto/dmshellf.o
         CXX arch-linux2-cxx-debug/obj/src/dm/impls/shell/ftn-custom/zdmshellf.o
         CXX arch-linux2-cxx-debug/obj/src/dm/impls/network/networkcreate.o
         CXX arch-linux2-cxx-debug/obj/src/dm/impls/network/network.o
         CXX arch-linux2-cxx-debug/obj/src/dm/impls/network/networkmonitor.o
         CXX arch-linux2-cxx-debug/obj/src/dm/impls/network/ftn-auto/networkmonitorf.o
         CXX arch-linux2-cxx-debug/obj/src/dm/impls/network/ftn-auto/networkf.o
         CXX arch-linux2-cxx-debug/obj/src/dm/impls/network/ftn-auto/networkcreatef.o
         CXX arch-linux2-cxx-debug/obj/src/dm/impls/composite/pack.o
         CXX arch-linux2-cxx-debug/obj/src/dm/impls/composite/packm.o
         CXX arch-linux2-cxx-debug/obj/src/dm/impls/composite/ftn-auto/packf.o
         CXX arch-linux2-cxx-debug/obj/src/dm/impls/composite/f90-custom/zfddaf90.o
         CXX arch-linux2-cxx-debug/obj/src/dm/impls/composite/ftn-custom/zfddaf.o
         CXX arch-linux2-cxx-debug/obj/src/dm/impls/patch/patchcreate.o
         CXX arch-linux2-cxx-debug/obj/src/dm/impls/patch/patch.o
         CXX arch-linux2-cxx-debug/obj/src/dm/impls/patch/ftn-auto/patchcreatef.o
         CXX arch-linux2-cxx-debug/obj/src/dm/impls/redundant/dmredundant.o
         CXX arch-linux2-cxx-debug/obj/src/dm/impls/redundant/ftn-auto/dmredundantf.o
         CXX arch-linux2-cxx-debug/obj/src/dm/impls/da/da2.o
         CXX arch-linux2-cxx-debug/obj/src/dm/impls/da/da1.o
         CXX arch-linux2-cxx-debug/obj/src/dm/impls/da/da3.o
         CXX arch-linux2-cxx-debug/obj/src/dm/impls/da/daghost.o
         CXX arch-linux2-cxx-debug/obj/src/dm/impls/da/dacorn.o
         CXX arch-linux2-cxx-debug/obj/src/dm/impls/da/dagtol.o
         CXX arch-linux2-cxx-debug/obj/src/dm/impls/da/daltol.o
         CXX arch-linux2-cxx-debug/obj/src/dm/impls/da/daindex.o
         CXX arch-linux2-cxx-debug/obj/src/dm/impls/da/dascatter.o
         CXX arch-linux2-cxx-debug/obj/src/dm/impls/da/dacreate.o
         CXX arch-linux2-cxx-debug/obj/src/dm/impls/da/dadestroy.o
         CXX arch-linux2-cxx-debug/obj/src/dm/impls/da/dalocal.o
         CXX arch-linux2-cxx-debug/obj/src/dm/impls/da/dadist.o
         CXX arch-linux2-cxx-debug/obj/src/dm/impls/da/daview.o
         CXX arch-linux2-cxx-debug/obj/src/dm/impls/da/dasub.o
         CXX arch-linux2-cxx-debug/obj/src/dm/impls/da/gr1.o
         CXX arch-linux2-cxx-debug/obj/src/dm/impls/da/gr2.o
         CXX arch-linux2-cxx-debug/obj/src/dm/impls/da/dagtona.o
         CXX arch-linux2-cxx-debug/obj/src/dm/impls/da/dainterp.o
         CXX arch-linux2-cxx-debug/obj/src/dm/impls/da/dapf.o
         CXX arch-linux2-cxx-debug/obj/src/dm/impls/da/dagetarray.o
         CXX arch-linux2-cxx-debug/obj/src/dm/impls/da/dagetelem.o
         CXX arch-linux2-cxx-debug/obj/src/dm/impls/da/da.o
         CXX arch-linux2-cxx-debug/obj/src/dm/impls/da/dareg.o
         CXX arch-linux2-cxx-debug/obj/src/dm/impls/da/fdda.o
         CXX arch-linux2-cxx-debug/obj/src/dm/impls/da/grvtk.o
         CXX arch-linux2-cxx-debug/obj/src/dm/impls/da/dageometry.o
         CXX arch-linux2-cxx-debug/obj/src/dm/impls/da/dadd.o
         CXX arch-linux2-cxx-debug/obj/src/dm/impls/da/dapreallocate.o
         CXX arch-linux2-cxx-debug/obj/src/dm/impls/da/ftn-auto/dalocalf.o
         CXX arch-linux2-cxx-debug/obj/src/dm/impls/da/ftn-auto/dacreatef.o
         CXX arch-linux2-cxx-debug/obj/src/dm/impls/da/ftn-auto/dagetarrayf.o
         CXX arch-linux2-cxx-debug/obj/src/dm/impls/da/ftn-auto/dageometryf.o
         CXX arch-linux2-cxx-debug/obj/src/dm/impls/da/ftn-auto/daghostf.o
         CXX arch-linux2-cxx-debug/obj/src/dm/impls/da/ftn-auto/dadistf.o
         CXX arch-linux2-cxx-debug/obj/src/dm/impls/da/ftn-auto/dagtolf.o
         CXX arch-linux2-cxx-debug/obj/src/dm/impls/da/ftn-auto/dagtonaf.o
         CXX arch-linux2-cxx-debug/obj/src/dm/impls/da/ftn-auto/daddf.o
         CXX arch-linux2-cxx-debug/obj/src/dm/impls/da/ftn-auto/dacornf.o
         CXX arch-linux2-cxx-debug/obj/src/dm/impls/da/ftn-auto/dapreallocatef.o
         CXX arch-linux2-cxx-debug/obj/src/dm/impls/da/ftn-auto/dainterpf.o
         CXX arch-linux2-cxx-debug/obj/src/dm/impls/da/ftn-auto/daf.o
         CXX arch-linux2-cxx-debug/obj/src/dm/impls/da/ftn-auto/fddaf.o
         CXX arch-linux2-cxx-debug/obj/src/dm/impls/da/ftn-auto/gr1f.o
         CXX arch-linux2-cxx-debug/obj/src/dm/impls/da/ftn-auto/daindexf.o
         CXX arch-linux2-cxx-debug/obj/src/dm/impls/da/ftn-custom/zdaf.o
         CXX arch-linux2-cxx-debug/obj/src/dm/impls/da/ftn-custom/zda1f.o
         CXX arch-linux2-cxx-debug/obj/src/dm/impls/da/ftn-custom/zda2f.o
         CXX arch-linux2-cxx-debug/obj/src/dm/impls/da/ftn-custom/zda3f.o
         CXX arch-linux2-cxx-debug/obj/src/dm/impls/da/ftn-custom/zdacornf.o
         CXX arch-linux2-cxx-debug/obj/src/dm/impls/da/ftn-custom/zdagetscatterf.o
         CXX arch-linux2-cxx-debug/obj/src/dm/impls/da/ftn-custom/zdaviewf.o
         CXX arch-linux2-cxx-debug/obj/src/dm/impls/da/ftn-custom/zdaindexf.o
         CXX arch-linux2-cxx-debug/obj/src/dm/impls/da/f90-custom/zda1f90.o
         CXX arch-linux2-cxx-debug/obj/src/dm/impls/sliced/sliced.o
         CXX arch-linux2-cxx-debug/obj/src/dm/impls/forest/forest.o
         CXX arch-linux2-cxx-debug/obj/src/dm/impls/forest/ftn-auto/forestf.o
         CXX arch-linux2-cxx-debug/obj/src/dm/impls/plex/plexcreate.o
         CXX arch-linux2-cxx-debug/obj/src/dm/impls/plex/plex.o
         CXX arch-linux2-cxx-debug/obj/src/dm/impls/plex/plexpartition.o
         CXX arch-linux2-cxx-debug/obj/src/dm/impls/plex/plexdistribute.o
         CXX arch-linux2-cxx-debug/obj/src/dm/impls/plex/plexrefine.o
         CXX arch-linux2-cxx-debug/obj/src/dm/impls/plex/plexcoarsen.o
         CXX arch-linux2-cxx-debug/obj/src/dm/impls/plex/plexinterpolate.o
         CXX arch-linux2-cxx-debug/obj/src/dm/impls/plex/plexpreallocate.o
         CXX arch-linux2-cxx-debug/obj/src/dm/impls/plex/plexreorder.o
         CXX arch-linux2-cxx-debug/obj/src/dm/impls/plex/plexgeometry.o
         CXX arch-linux2-cxx-debug/obj/src/dm/impls/plex/plexsubmesh.o
         CXX arch-linux2-cxx-debug/obj/src/dm/impls/plex/plexhdf5.o
         CXX arch-linux2-cxx-debug/obj/src/dm/impls/plex/plexexodusii.o
         CXX arch-linux2-cxx-debug/obj/src/dm/impls/plex/plexgmsh.o
         CXX arch-linux2-cxx-debug/obj/src/dm/impls/plex/plexfluent.o
         CXX arch-linux2-cxx-debug/obj/src/dm/impls/plex/plexcgns.o
         CXX arch-linux2-cxx-debug/obj/src/dm/impls/plex/plexvtk.o
         CXX arch-linux2-cxx-debug/obj/src/dm/impls/plex/plexpoint.o
         CXX arch-linux2-cxx-debug/obj/src/dm/impls/plex/plexvtu.o
         CXX arch-linux2-cxx-debug/obj/src/dm/impls/plex/plexfem.o
         CXX arch-linux2-cxx-debug/obj/src/dm/impls/plex/plexindices.o
         CXX arch-linux2-cxx-debug/obj/src/dm/impls/plex/plextree.o
         CXX arch-linux2-cxx-debug/obj/src/dm/impls/plex/plexgenerate.o
         CXX arch-linux2-cxx-debug/obj/src/dm/impls/plex/plexorient.o
         CXX arch-linux2-cxx-debug/obj/src/dm/impls/plex/plexnatural.o
         CXX arch-linux2-cxx-debug/obj/src/dm/impls/plex/ftn-auto/plexfemf.o
         CXX arch-linux2-cxx-debug/obj/src/dm/impls/plex/ftn-auto/plexcreatef.o
         CXX arch-linux2-cxx-debug/obj/src/dm/impls/plex/ftn-auto/plexrefinef.o
         CXX arch-linux2-cxx-debug/obj/src/dm/impls/plex/ftn-auto/plextreef.o
         CXX arch-linux2-cxx-debug/obj/src/dm/impls/plex/ftn-auto/plexexodusiif.o
         CXX arch-linux2-cxx-debug/obj/src/dm/impls/plex/ftn-auto/plexnaturalf.o
         CXX arch-linux2-cxx-debug/obj/src/dm/impls/plex/ftn-auto/plexcgnsf.o
         CXX arch-linux2-cxx-debug/obj/src/dm/impls/plex/ftn-auto/plexindicesf.o
         CXX arch-linux2-cxx-debug/obj/src/dm/impls/plex/ftn-auto/plexgeneratef.o
         CXX arch-linux2-cxx-debug/obj/src/dm/impls/plex/ftn-auto/plexf.o
         CXX arch-linux2-cxx-debug/obj/src/dm/impls/plex/ftn-auto/plexdistributef.o
         CXX arch-linux2-cxx-debug/obj/src/dm/impls/plex/ftn-auto/plexinterpolatef.o
         CXX arch-linux2-cxx-debug/obj/src/dm/impls/plex/ftn-auto/plexpartitionf.o
         CXX arch-linux2-cxx-debug/obj/src/dm/impls/plex/ftn-auto/plexorientf.o
         CXX arch-linux2-cxx-debug/obj/src/dm/impls/plex/ftn-auto/plexpointf.o
         CXX arch-linux2-cxx-debug/obj/src/dm/impls/plex/ftn-auto/plexgmshf.o
         CXX arch-linux2-cxx-debug/obj/src/dm/impls/plex/ftn-auto/plexgeometryf.o
         CXX arch-linux2-cxx-debug/obj/src/dm/impls/plex/ftn-auto/plexsubmeshf.o
         CXX arch-linux2-cxx-debug/obj/src/dm/impls/plex/ftn-auto/plexreorderf.o
         CXX arch-linux2-cxx-debug/obj/src/dm/impls/plex/f90-custom/zplexf90.o
         CXX arch-linux2-cxx-debug/obj/src/dm/impls/plex/f90-custom/zplexgeometryf90.o
         CXX arch-linux2-cxx-debug/obj/src/dm/impls/plex/ftn-custom/zplex.o
         CXX arch-linux2-cxx-debug/obj/src/dm/impls/plex/ftn-custom/zplexcreate.o
         CXX arch-linux2-cxx-debug/obj/src/dm/impls/plex/ftn-custom/zplexdistribute.o
         CXX arch-linux2-cxx-debug/obj/src/dm/impls/plex/ftn-custom/zplexinterpolate.o
         CXX arch-linux2-cxx-debug/obj/src/dm/impls/plex/ftn-custom/zplexsubmesh.o
         CXX arch-linux2-cxx-debug/obj/src/dm/impls/plex/ftn-custom/zplexexodusii.o
         CXX arch-linux2-cxx-debug/obj/src/dm/impls/plex/ftn-custom/zplexgmsh.o
         CXX arch-linux2-cxx-debug/obj/src/dm/impls/plex/ftn-custom/zplexfluent.o
         CXX arch-linux2-cxx-debug/obj/src/dm/interface/dm.o
         CXX arch-linux2-cxx-debug/obj/src/dm/interface/dmregall.o
         CXX arch-linux2-cxx-debug/obj/src/dm/interface/dmget.o
         CXX arch-linux2-cxx-debug/obj/src/dm/interface/dmi.o
         CXX arch-linux2-cxx-debug/obj/src/dm/interface/dlregisdmdm.o
         CXX arch-linux2-cxx-debug/obj/src/dm/interface/ftn-auto/dmgetf.o
         CXX arch-linux2-cxx-debug/obj/src/dm/interface/ftn-auto/dmf.o
         CXX arch-linux2-cxx-debug/obj/src/dm/interface/ftn-custom/zdmf.o
         CXX arch-linux2-cxx-debug/obj/src/dm/interface/ftn-custom/zdmgetf.o
         CXX arch-linux2-cxx-debug/obj/src/dm/dt/interface/dt.o
         CXX arch-linux2-cxx-debug/obj/src/dm/dt/interface/dtfe.o
         CXX arch-linux2-cxx-debug/obj/src/dm/dt/interface/dtfv.o
         CXX arch-linux2-cxx-debug/obj/src/dm/dt/interface/dtds.o
         CXX arch-linux2-cxx-debug/obj/src/dm/dt/interface/ftn-auto/dtdsf.o
         CXX arch-linux2-cxx-debug/obj/src/dm/dt/interface/ftn-auto/dtfef.o
         CXX arch-linux2-cxx-debug/obj/src/dm/dt/interface/ftn-auto/dtf.o
         CXX arch-linux2-cxx-debug/obj/src/dm/dt/interface/ftn-auto/dtfvf.o
         CXX arch-linux2-cxx-debug/obj/src/dm/dt/interface/f90-custom/zdtf90.o
         CXX arch-linux2-cxx-debug/obj/src/dm/dt/interface/f90-custom/zdtdsf90.o
         CXX arch-linux2-cxx-debug/obj/src/dm/dt/interface/ftn-custom/zdtf.o
          FC arch-linux2-cxx-debug/obj/src/dm/f90-mod/petscdmmod.o
         CXX arch-linux2-cxx-debug/obj/src/ksp/pc/interface/precon.o
         CXX arch-linux2-cxx-debug/obj/src/ksp/pc/interface/pcset.o
         CXX arch-linux2-cxx-debug/obj/src/ksp/pc/interface/pcregis.o
         CXX arch-linux2-cxx-debug/obj/src/ksp/pc/interface/ftn-auto/pcsetf.o
         CXX arch-linux2-cxx-debug/obj/src/ksp/pc/interface/ftn-auto/preconf.o
         CXX arch-linux2-cxx-debug/obj/src/ksp/pc/interface/ftn-custom/zpcsetf.o
         CXX arch-linux2-cxx-debug/obj/src/ksp/pc/interface/ftn-custom/zpreconf.o
         CXX arch-linux2-cxx-debug/obj/src/ksp/pc/impls/eisens/eisen.o
         CXX arch-linux2-cxx-debug/obj/src/ksp/pc/impls/eisens/ftn-auto/eisenf.o
         CXX arch-linux2-cxx-debug/obj/src/ksp/pc/impls/telescope/telescope.o
         CXX arch-linux2-cxx-debug/obj/src/ksp/pc/impls/telescope/telescope_dmda.o
         CXX arch-linux2-cxx-debug/obj/src/ksp/pc/impls/telescope/ftn-auto/telescopef.o
         CXX arch-linux2-cxx-debug/obj/src/ksp/pc/impls/bjacobi/bjacobi.o
         CXX arch-linux2-cxx-debug/obj/src/ksp/pc/impls/bjacobi/ftn-auto/bjacobif.o
         CXX arch-linux2-cxx-debug/obj/src/ksp/pc/impls/bjacobi/ftn-custom/zbjacobif.o
         CXX arch-linux2-cxx-debug/obj/src/ksp/pc/impls/is/pcis.o
         CXX arch-linux2-cxx-debug/obj/src/ksp/pc/impls/is/ftn-auto/pcisf.o
         CXX arch-linux2-cxx-debug/obj/src/ksp/pc/impls/is/nn/nn.o
         CXX arch-linux2-cxx-debug/obj/src/ksp/pc/impls/none/none.o
         CXX arch-linux2-cxx-debug/obj/src/ksp/pc/impls/sor/sor.o
         CXX arch-linux2-cxx-debug/obj/src/ksp/pc/impls/sor/ftn-auto/sorf.o
         CXX arch-linux2-cxx-debug/obj/src/ksp/pc/impls/pbjacobi/pbjacobi.o
         CXX arch-linux2-cxx-debug/obj/src/ksp/pc/impls/wb/wb.o
         CXX arch-linux2-cxx-debug/obj/src/ksp/pc/impls/wb/ftn-auto/wbf.o
         CXX arch-linux2-cxx-debug/obj/src/ksp/pc/impls/cp/cp.o
         CXX arch-linux2-cxx-debug/obj/src/ksp/pc/impls/ksp/pcksp.o
         CXX arch-linux2-cxx-debug/obj/src/ksp/pc/impls/ksp/ftn-auto/pckspf.o
         CXX arch-linux2-cxx-debug/obj/src/ksp/pc/impls/composite/composite.o
         CXX arch-linux2-cxx-debug/obj/src/ksp/pc/impls/composite/ftn-auto/compositef.o
         CXX arch-linux2-cxx-debug/obj/src/ksp/pc/impls/composite/ftn-custom/zcompositef.o
         CXX arch-linux2-cxx-debug/obj/src/ksp/pc/impls/asm/asm.o
         CXX arch-linux2-cxx-debug/obj/src/ksp/pc/impls/asm/ftn-auto/asmf.o
         CXX arch-linux2-cxx-debug/obj/src/ksp/pc/impls/asm/ftn-custom/zasmf.o
         CXX arch-linux2-cxx-debug/obj/src/ksp/pc/impls/factor/factor.o
         CXX arch-linux2-cxx-debug/obj/src/ksp/pc/impls/factor/factimpl.o
         CXX arch-linux2-cxx-debug/obj/src/ksp/pc/impls/factor/ftn-custom/zluf.o
         CXX arch-linux2-cxx-debug/obj/src/ksp/pc/impls/factor/cholesky/cholesky.o
         CXX arch-linux2-cxx-debug/obj/src/ksp/pc/impls/factor/cholesky/ftn-auto/choleskyf.o
         CXX arch-linux2-cxx-debug/obj/src/ksp/pc/impls/factor/ilu/ilu.o
         CXX arch-linux2-cxx-debug/obj/src/ksp/pc/impls/factor/icc/icc.o
         CXX arch-linux2-cxx-debug/obj/src/ksp/pc/impls/factor/lu/lu.o
         CXX arch-linux2-cxx-debug/obj/src/ksp/pc/impls/factor/ftn-auto/factorf.o
         CXX arch-linux2-cxx-debug/obj/src/ksp/pc/impls/jacobi/jacobi.o
         CXX arch-linux2-cxx-debug/obj/src/ksp/pc/impls/jacobi/ftn-auto/jacobif.o
         CXX arch-linux2-cxx-debug/obj/src/ksp/pc/impls/kaczmarz/kaczmarz.o
         CXX arch-linux2-cxx-debug/obj/src/ksp/pc/impls/galerkin/galerkin.o
         CXX arch-linux2-cxx-debug/obj/src/ksp/pc/impls/galerkin/ftn-auto/galerkinf.o
         CXX arch-linux2-cxx-debug/obj/src/ksp/pc/impls/shell/shellpc.o
         CXX arch-linux2-cxx-debug/obj/src/ksp/pc/impls/shell/ftn-auto/shellpcf.o
         CXX arch-linux2-cxx-debug/obj/src/ksp/pc/impls/shell/ftn-custom/zshellpcf.o
         CXX arch-linux2-cxx-debug/obj/src/ksp/pc/impls/gasm/gasm.o
         CXX arch-linux2-cxx-debug/obj/src/ksp/pc/impls/gasm/ftn-auto/gasmf.o
         CXX arch-linux2-cxx-debug/obj/src/ksp/pc/impls/mat/pcmat.o
         CXX arch-linux2-cxx-debug/obj/src/ksp/pc/impls/python/pythonpc.o
         CXX arch-linux2-cxx-debug/obj/src/ksp/pc/impls/python/ftn-custom/zpythonpcf.o
         CXX arch-linux2-cxx-debug/obj/src/ksp/pc/impls/mg/mg.o
         CXX arch-linux2-cxx-debug/obj/src/ksp/pc/impls/mg/fmg.o
         CXX arch-linux2-cxx-debug/obj/src/ksp/pc/impls/mg/smg.o
         CXX arch-linux2-cxx-debug/obj/src/ksp/pc/impls/mg/mgfunc.o
         CXX arch-linux2-cxx-debug/obj/src/ksp/pc/impls/mg/ftn-auto/mgfuncf.o
         CXX arch-linux2-cxx-debug/obj/src/ksp/pc/impls/mg/ftn-auto/mgf.o
         CXX arch-linux2-cxx-debug/obj/src/ksp/pc/impls/mg/ftn-custom/zmgf.o
         CXX arch-linux2-cxx-debug/obj/src/ksp/pc/impls/mg/ftn-custom/zmgfuncf.o
         CXX arch-linux2-cxx-debug/obj/src/ksp/pc/impls/gamg/gamg.o
         CXX arch-linux2-cxx-debug/obj/src/ksp/pc/impls/gamg/agg.o
         CXX arch-linux2-cxx-debug/obj/src/ksp/pc/impls/gamg/geo.o
         CXX arch-linux2-cxx-debug/obj/src/ksp/pc/impls/gamg/util.o
         CXX arch-linux2-cxx-debug/obj/src/ksp/pc/impls/gamg/classical.o
         CXX arch-linux2-cxx-debug/obj/src/ksp/pc/impls/gamg/ftn-auto/aggf.o
         CXX arch-linux2-cxx-debug/obj/src/ksp/pc/impls/gamg/ftn-auto/gamgf.o
         CXX arch-linux2-cxx-debug/obj/src/ksp/pc/impls/bddc/bddc.o
         CXX arch-linux2-cxx-debug/obj/src/ksp/pc/impls/bddc/bddcprivate.o
         CXX arch-linux2-cxx-debug/obj/src/ksp/pc/impls/bddc/bddcgraph.o
         CXX arch-linux2-cxx-debug/obj/src/ksp/pc/impls/bddc/bddcscalingbasic.o
         CXX arch-linux2-cxx-debug/obj/src/ksp/pc/impls/bddc/bddcnullspace.o
         CXX arch-linux2-cxx-debug/obj/src/ksp/pc/impls/bddc/bddcfetidp.o
         CXX arch-linux2-cxx-debug/obj/src/ksp/pc/impls/bddc/bddcschurs.o
         CXX arch-linux2-cxx-debug/obj/src/ksp/pc/impls/bddc/ftn-auto/bddcf.o
         CXX arch-linux2-cxx-debug/obj/src/ksp/pc/impls/fieldsplit/fieldsplit.o
         CXX arch-linux2-cxx-debug/obj/src/ksp/pc/impls/fieldsplit/ftn-auto/fieldsplitf.o
         CXX arch-linux2-cxx-debug/obj/src/ksp/pc/impls/fieldsplit/ftn-custom/zfieldsplitf.o
         CXX arch-linux2-cxx-debug/obj/src/ksp/pc/impls/tfs/bitmask.o
         CXX arch-linux2-cxx-debug/obj/src/ksp/pc/impls/tfs/comm.o
         CXX arch-linux2-cxx-debug/obj/src/ksp/pc/impls/tfs/gs.o
         CXX arch-linux2-cxx-debug/obj/src/ksp/pc/impls/tfs/ivec.o
         CXX arch-linux2-cxx-debug/obj/src/ksp/pc/impls/tfs/xxt.o
         CXX arch-linux2-cxx-debug/obj/src/ksp/pc/impls/tfs/xyt.o
         CXX arch-linux2-cxx-debug/obj/src/ksp/pc/impls/tfs/tfs.o
         CXX arch-linux2-cxx-debug/obj/src/ksp/pc/impls/redistribute/redistribute.o
         CXX arch-linux2-cxx-debug/obj/src/ksp/pc/impls/redistribute/ftn-auto/redistributef.o
         CXX arch-linux2-cxx-debug/obj/src/ksp/pc/impls/svd/svd.o
         CXX arch-linux2-cxx-debug/obj/src/ksp/pc/impls/lsc/lsc.o
         CXX arch-linux2-cxx-debug/obj/src/ksp/pc/impls/redundant/redundant.o
         CXX arch-linux2-cxx-debug/obj/src/ksp/pc/impls/redundant/ftn-auto/redundantf.o
         CXX arch-linux2-cxx-debug/obj/src/ksp/ksp/interface/itcl.o
         CXX arch-linux2-cxx-debug/obj/src/ksp/ksp/interface/itfunc.o
         CXX arch-linux2-cxx-debug/obj/src/ksp/ksp/interface/iguess.o
         CXX arch-linux2-cxx-debug/obj/src/ksp/ksp/interface/itcreate.o
         CXX arch-linux2-cxx-debug/obj/src/ksp/ksp/interface/iterativ.o
         CXX arch-linux2-cxx-debug/obj/src/ksp/ksp/interface/itres.o
         CXX arch-linux2-cxx-debug/obj/src/ksp/ksp/interface/itregis.o
         CXX arch-linux2-cxx-debug/obj/src/ksp/ksp/interface/xmon.o
         CXX arch-linux2-cxx-debug/obj/src/ksp/ksp/interface/eige.o
         CXX arch-linux2-cxx-debug/obj/src/ksp/ksp/interface/dlregisksp.o
         CXX arch-linux2-cxx-debug/obj/src/ksp/ksp/interface/dmksp.o
         CXX arch-linux2-cxx-debug/obj/src/ksp/ksp/interface/ftn-auto/eigef.o
         CXX arch-linux2-cxx-debug/obj/src/ksp/ksp/interface/ftn-auto/itcreatef.o
         CXX arch-linux2-cxx-debug/obj/src/ksp/ksp/interface/ftn-auto/itfuncf.o
         CXX arch-linux2-cxx-debug/obj/src/ksp/ksp/interface/ftn-auto/iterativf.o
         CXX arch-linux2-cxx-debug/obj/src/ksp/ksp/interface/ftn-auto/itresf.o
         CXX arch-linux2-cxx-debug/obj/src/ksp/ksp/interface/ftn-auto/itclf.o
         CXX arch-linux2-cxx-debug/obj/src/ksp/ksp/interface/f90-custom/zitfuncf90.o
         CXX arch-linux2-cxx-debug/obj/src/ksp/ksp/interface/ftn-custom/zitclf.o
         CXX arch-linux2-cxx-debug/obj/src/ksp/ksp/interface/ftn-custom/zitcreatef.o
         CXX arch-linux2-cxx-debug/obj/src/ksp/ksp/interface/ftn-custom/zitfuncf.o
         CXX arch-linux2-cxx-debug/obj/src/ksp/ksp/interface/ftn-custom/zxonf.o
         CXX arch-linux2-cxx-debug/obj/src/ksp/ksp/interface/ftn-custom/zdmkspf.o
         CXX arch-linux2-cxx-debug/obj/src/ksp/ksp/impls/minres/minres.o
         CXX arch-linux2-cxx-debug/obj/src/ksp/ksp/impls/bicg/bicg.o
         CXX arch-linux2-cxx-debug/obj/src/ksp/ksp/impls/fcg/fcg.o
         CXX arch-linux2-cxx-debug/obj/src/ksp/ksp/impls/fcg/ftn-auto/fcgf.o
         CXX arch-linux2-cxx-debug/obj/src/ksp/ksp/impls/fcg/pipefcg/pipefcg.o
         CXX arch-linux2-cxx-debug/obj/src/ksp/ksp/impls/fcg/pipefcg/ftn-auto/pipefcgf.o
         CXX arch-linux2-cxx-debug/obj/src/ksp/ksp/impls/cg/cg.o
         CXX arch-linux2-cxx-debug/obj/src/ksp/ksp/impls/cg/cgeig.o
         CXX arch-linux2-cxx-debug/obj/src/ksp/ksp/impls/cg/cgtype.o
         CXX arch-linux2-cxx-debug/obj/src/ksp/ksp/impls/cg/cgls.o
         CXX arch-linux2-cxx-debug/obj/src/ksp/ksp/impls/cg/gltr/gltr.o
         CXX arch-linux2-cxx-debug/obj/src/ksp/ksp/impls/cg/gltr/ftn-auto/gltrf.o
         CXX arch-linux2-cxx-debug/obj/src/ksp/ksp/impls/cg/cgne/cgne.o
         CXX arch-linux2-cxx-debug/obj/src/ksp/ksp/impls/cg/pipecgrr/pipecgrr.o
         CXX arch-linux2-cxx-debug/obj/src/ksp/ksp/impls/cg/stcg/stcg.o
         CXX arch-linux2-cxx-debug/obj/src/ksp/ksp/impls/cg/stcg/ftn-auto/stcgf.o
         CXX arch-linux2-cxx-debug/obj/src/ksp/ksp/impls/cg/groppcg/groppcg.o
         CXX arch-linux2-cxx-debug/obj/src/ksp/ksp/impls/cg/ftn-auto/cgtypef.o
         CXX arch-linux2-cxx-debug/obj/src/ksp/ksp/impls/cg/nash/nash.o
         CXX arch-linux2-cxx-debug/obj/src/ksp/ksp/impls/cg/nash/ftn-auto/nashf.o
         CXX arch-linux2-cxx-debug/obj/src/ksp/ksp/impls/cg/pipecg/pipecg.o
         CXX arch-linux2-cxx-debug/obj/src/ksp/ksp/impls/cr/cr.o
         CXX arch-linux2-cxx-debug/obj/src/ksp/ksp/impls/cr/pipecr/pipecr.o
         CXX arch-linux2-cxx-debug/obj/src/ksp/ksp/impls/ibcgs/ibcgs.o
         CXX arch-linux2-cxx-debug/obj/src/ksp/ksp/impls/python/pythonksp.o
         CXX arch-linux2-cxx-debug/obj/src/ksp/ksp/impls/python/ftn-custom/zpythonkspf.o
         CXX arch-linux2-cxx-debug/obj/src/ksp/ksp/impls/tsirm/tsirm.o
         CXX arch-linux2-cxx-debug/obj/src/ksp/ksp/impls/gcr/gcr.o
         CXX arch-linux2-cxx-debug/obj/src/ksp/ksp/impls/gcr/pipegcr/pipegcr.o
         CXX arch-linux2-cxx-debug/obj/src/ksp/ksp/impls/gcr/pipegcr/ftn-auto/pipegcrf.o
         CXX arch-linux2-cxx-debug/obj/src/ksp/ksp/impls/qcg/qcg.o
         CXX arch-linux2-cxx-debug/obj/src/ksp/ksp/impls/qcg/ftn-auto/qcgf.o
         CXX arch-linux2-cxx-debug/obj/src/ksp/ksp/impls/rich/rich.o
         CXX arch-linux2-cxx-debug/obj/src/ksp/ksp/impls/rich/richscale.o
         CXX arch-linux2-cxx-debug/obj/src/ksp/ksp/impls/rich/ftn-auto/richscalef.o
         CXX arch-linux2-cxx-debug/obj/src/ksp/ksp/impls/bcgsl/bcgsl.o
         CXX arch-linux2-cxx-debug/obj/src/ksp/ksp/impls/bcgsl/ftn-auto/bcgslf.o
         CXX arch-linux2-cxx-debug/obj/src/ksp/ksp/impls/lsqr/lsqr.o
         CXX arch-linux2-cxx-debug/obj/src/ksp/ksp/impls/lsqr/lsqr_monitor.o
         CXX arch-linux2-cxx-debug/obj/src/ksp/ksp/impls/lsqr/lsqr_converged.o
         CXX arch-linux2-cxx-debug/obj/src/ksp/ksp/impls/cheby/cheby.o
         CXX arch-linux2-cxx-debug/obj/src/ksp/ksp/impls/cheby/ftn-auto/chebyf.o
         CXX arch-linux2-cxx-debug/obj/src/ksp/ksp/impls/bcgs/bcgs.o
         CXX arch-linux2-cxx-debug/obj/src/ksp/ksp/impls/bcgs/fbcgs/fbcgs.o
         CXX arch-linux2-cxx-debug/obj/src/ksp/ksp/impls/bcgs/fbcgsr/fbcgsr.o
         CXX arch-linux2-cxx-debug/obj/src/ksp/ksp/impls/lcd/lcd.o
         CXX arch-linux2-cxx-debug/obj/src/ksp/ksp/impls/preonly/preonly.o
         CXX arch-linux2-cxx-debug/obj/src/ksp/ksp/impls/gmres/gmres.o
         CXX arch-linux2-cxx-debug/obj/src/ksp/ksp/impls/gmres/borthog.o
         CXX arch-linux2-cxx-debug/obj/src/ksp/ksp/impls/gmres/borthog2.o
         CXX arch-linux2-cxx-debug/obj/src/ksp/ksp/impls/gmres/gmres2.o
         CXX arch-linux2-cxx-debug/obj/src/ksp/ksp/impls/gmres/gmreig.o
         CXX arch-linux2-cxx-debug/obj/src/ksp/ksp/impls/gmres/dgmres/dgmres.o
         CXX arch-linux2-cxx-debug/obj/src/ksp/ksp/impls/gmres/gmpre.o
         CXX arch-linux2-cxx-debug/obj/src/ksp/ksp/impls/gmres/pgmres/pgmres.o
         CXX arch-linux2-cxx-debug/obj/src/ksp/ksp/impls/gmres/pipefgmres/pipefgmres.o
         CXX arch-linux2-cxx-debug/obj/src/ksp/ksp/impls/gmres/pipefgmres/ftn-auto/pipefgmresf.o
         CXX arch-linux2-cxx-debug/obj/src/ksp/ksp/impls/gmres/lgmres/lgmres.o
         CXX arch-linux2-cxx-debug/obj/src/ksp/ksp/impls/gmres/fgmres/fgmres.o
         CXX arch-linux2-cxx-debug/obj/src/ksp/ksp/impls/gmres/fgmres/modpcf.o
         CXX arch-linux2-cxx-debug/obj/src/ksp/ksp/impls/gmres/fgmres/ftn-auto/modpcff.o
         CXX arch-linux2-cxx-debug/obj/src/ksp/ksp/impls/gmres/fgmres/ftn-custom/zmodpcff.o
         CXX arch-linux2-cxx-debug/obj/src/ksp/ksp/impls/gmres/ftn-auto/gmresf.o
         CXX arch-linux2-cxx-debug/obj/src/ksp/ksp/impls/gmres/ftn-auto/gmpref.o
         CXX arch-linux2-cxx-debug/obj/src/ksp/ksp/impls/cgs/cgs.o
         CXX arch-linux2-cxx-debug/obj/src/ksp/ksp/impls/symmlq/symmlq.o
         CXX arch-linux2-cxx-debug/obj/src/ksp/ksp/impls/tfqmr/tfqmr.o
         CXX arch-linux2-cxx-debug/obj/src/ksp/ksp/impls/tcqmr/tcqmr.o
         CXX arch-linux2-cxx-debug/obj/src/ksp/ksp/utils/schurm.o
         CXX arch-linux2-cxx-debug/obj/src/ksp/ksp/utils/dmproject.o
         CXX arch-linux2-cxx-debug/obj/src/ksp/ksp/utils/ftn-auto/dmprojectf.o
         CXX arch-linux2-cxx-debug/obj/src/ksp/ksp/utils/ftn-auto/schurmf.o
          FC arch-linux2-cxx-debug/obj/src/ksp/f90-mod/petsckspmod.o
         CXX arch-linux2-cxx-debug/obj/src/snes/mf/snesmfj.o
         CXX arch-linux2-cxx-debug/obj/src/snes/mf/ftn-auto/snesmfjf.o
         CXX arch-linux2-cxx-debug/obj/src/snes/utils/dmsnes.o
         CXX arch-linux2-cxx-debug/obj/src/snes/utils/dmdasnes.o
         CXX arch-linux2-cxx-debug/obj/src/snes/utils/dmlocalsnes.o
         CXX arch-linux2-cxx-debug/obj/src/snes/utils/dmplexsnes.o
         CXX arch-linux2-cxx-debug/obj/src/snes/utils/ftn-auto/dmplexsnesf.o
         CXX arch-linux2-cxx-debug/obj/src/snes/utils/f90-custom/zdmplexsnesf90.o
         CXX arch-linux2-cxx-debug/obj/src/snes/utils/ftn-custom/zdmdasnesf.o
         CXX arch-linux2-cxx-debug/obj/src/snes/utils/ftn-custom/zdmlocalsnesf.o
         CXX arch-linux2-cxx-debug/obj/src/snes/utils/ftn-custom/zdmsnesf.o
         CXX arch-linux2-cxx-debug/obj/src/snes/impls/ncg/snesncg.o
         CXX arch-linux2-cxx-debug/obj/src/snes/impls/ncg/ftn-auto/snesncgf.o
         CXX arch-linux2-cxx-debug/obj/src/snes/impls/shell/snesshell.o
         CXX arch-linux2-cxx-debug/obj/src/snes/impls/shell/ftn-auto/snesshellf.o
         CXX arch-linux2-cxx-debug/obj/src/snes/impls/shell/ftn-custom/zsnesshellf.o
         CXX arch-linux2-cxx-debug/obj/src/snes/impls/gs/snesgs.o
         CXX arch-linux2-cxx-debug/obj/src/snes/impls/gs/gssecant.o
         CXX arch-linux2-cxx-debug/obj/src/snes/impls/gs/ftn-auto/snesgsf.o
         CXX arch-linux2-cxx-debug/obj/src/snes/impls/ms/ms.o
         CXX arch-linux2-cxx-debug/obj/src/snes/impls/python/pythonsnes.o
         CXX arch-linux2-cxx-debug/obj/src/snes/impls/python/ftn-custom/zpythonsf.o
         CXX arch-linux2-cxx-debug/obj/src/snes/impls/vi/vi.o
         CXX arch-linux2-cxx-debug/obj/src/snes/impls/vi/ftn-auto/vif.o
         CXX arch-linux2-cxx-debug/obj/src/snes/impls/vi/ss/viss.o
         CXX arch-linux2-cxx-debug/obj/src/snes/impls/vi/rs/virs.o
         CXX arch-linux2-cxx-debug/obj/src/snes/impls/ksponly/ksponly.o
         CXX arch-linux2-cxx-debug/obj/src/snes/impls/tr/tr.o
         CXX arch-linux2-cxx-debug/obj/src/snes/impls/composite/snescomposite.o
         CXX arch-linux2-cxx-debug/obj/src/snes/impls/composite/ftn-auto/snescompositef.o
         CXX arch-linux2-cxx-debug/obj/src/snes/impls/ls/ls.o
         CXX arch-linux2-cxx-debug/obj/src/snes/impls/ngmres/snesngmres.o
         CXX arch-linux2-cxx-debug/obj/src/snes/impls/ngmres/ngmresfunc.o
         CXX arch-linux2-cxx-debug/obj/src/snes/impls/ngmres/anderson.o
         CXX arch-linux2-cxx-debug/obj/src/snes/impls/ngmres/ftn-auto/snesngmresf.o
         CXX arch-linux2-cxx-debug/obj/src/snes/impls/fas/fas.o
         CXX arch-linux2-cxx-debug/obj/src/snes/impls/fas/fasgalerkin.o
         CXX arch-linux2-cxx-debug/obj/src/snes/impls/fas/fasfunc.o
         CXX arch-linux2-cxx-debug/obj/src/snes/impls/fas/ftn-auto/fasf.o
         CXX arch-linux2-cxx-debug/obj/src/snes/impls/fas/ftn-auto/fasgalerkinf.o
         CXX arch-linux2-cxx-debug/obj/src/snes/impls/fas/ftn-auto/fasfuncf.o
         CXX arch-linux2-cxx-debug/obj/src/snes/impls/test/snestest.o
         CXX arch-linux2-cxx-debug/obj/src/snes/impls/richardson/snesrichardson.o
         CXX arch-linux2-cxx-debug/obj/src/snes/impls/qn/qn.o
         CXX arch-linux2-cxx-debug/obj/src/snes/impls/qn/ftn-auto/qnf.o
         CXX arch-linux2-cxx-debug/obj/src/snes/impls/nasm/nasm.o
         CXX arch-linux2-cxx-debug/obj/src/snes/impls/nasm/aspin.o
         CXX arch-linux2-cxx-debug/obj/src/snes/impls/nasm/ftn-auto/nasmf.o
         CXX arch-linux2-cxx-debug/obj/src/snes/interface/snes.o
         CXX arch-linux2-cxx-debug/obj/src/snes/interface/snesj.o
         CXX arch-linux2-cxx-debug/obj/src/snes/interface/snesregi.o
         CXX arch-linux2-cxx-debug/obj/src/snes/interface/snesut.o
         CXX arch-linux2-cxx-debug/obj/src/snes/interface/snesj2.o
         CXX arch-linux2-cxx-debug/obj/src/snes/interface/dlregissnes.o
         CXX arch-linux2-cxx-debug/obj/src/snes/interface/snesob.o
         CXX arch-linux2-cxx-debug/obj/src/snes/interface/snespc.o
         CXX arch-linux2-cxx-debug/obj/src/snes/interface/ftn-auto/snesf.o
         CXX arch-linux2-cxx-debug/obj/src/snes/interface/ftn-auto/snesutf.o
         CXX arch-linux2-cxx-debug/obj/src/snes/interface/ftn-auto/snespcf.o
         CXX arch-linux2-cxx-debug/obj/src/snes/interface/f90-custom/zsnesf90.o
         CXX arch-linux2-cxx-debug/obj/src/snes/interface/noise/snesmfj2.o
         CXX arch-linux2-cxx-debug/obj/src/snes/interface/noise/snesnoise.o
         CXX arch-linux2-cxx-debug/obj/src/snes/interface/noise/snesdnest.o
         CXX arch-linux2-cxx-debug/obj/src/snes/interface/ftn-custom/zsnesf.o
         CXX arch-linux2-cxx-debug/obj/src/snes/linesearch/interface/linesearch.o
         CXX arch-linux2-cxx-debug/obj/src/snes/linesearch/interface/linesearchregi.o
         CXX arch-linux2-cxx-debug/obj/src/snes/linesearch/interface/ftn-auto/linesearchf.o
         CXX arch-linux2-cxx-debug/obj/src/snes/linesearch/interface/ftn-custom/zlinesearchf.o
         CXX arch-linux2-cxx-debug/obj/src/snes/linesearch/impls/shell/linesearchshell.o
         CXX arch-linux2-cxx-debug/obj/src/snes/linesearch/impls/shell/ftn-custom/zlinesearchshellf.o
         CXX arch-linux2-cxx-debug/obj/src/snes/linesearch/impls/bt/linesearchbt.o
         CXX arch-linux2-cxx-debug/obj/src/snes/linesearch/impls/bt/ftn-auto/linesearchbtf.o
         CXX arch-linux2-cxx-debug/obj/src/snes/linesearch/impls/l2/linesearchl2.o
         CXX arch-linux2-cxx-debug/obj/src/snes/linesearch/impls/basic/linesearchbasic.o
         CXX arch-linux2-cxx-debug/obj/src/snes/linesearch/impls/cp/linesearchcp.o
         CXX arch-linux2-cxx-debug/obj/src/snes/linesearch/impls/nleqerr/linesearchnleqerr.o
          FC arch-linux2-cxx-debug/obj/src/snes/f90-mod/petscsnesmod.o
         CXX arch-linux2-cxx-debug/obj/src/ts/trajectory/interface/traj.o
         CXX arch-linux2-cxx-debug/obj/src/ts/trajectory/interface/ftn-auto/trajf.o
         CXX arch-linux2-cxx-debug/obj/src/ts/trajectory/impls/visualization/trajvisualization.o
         CXX arch-linux2-cxx-debug/obj/src/ts/trajectory/impls/memory/trajmemory.o
         CXX arch-linux2-cxx-debug/obj/src/ts/trajectory/impls/singlefile/singlefile.o
         CXX arch-linux2-cxx-debug/obj/src/ts/trajectory/impls/basic/trajbasic.o
         CXX arch-linux2-cxx-debug/obj/src/ts/utils/dmts.o
         CXX arch-linux2-cxx-debug/obj/src/ts/utils/dmlocalts.o
         CXX arch-linux2-cxx-debug/obj/src/ts/utils/dmdats.o
         CXX arch-linux2-cxx-debug/obj/src/ts/utils/dmplexts.o
         CXX arch-linux2-cxx-debug/obj/src/ts/utils/ftn-auto/dmplextsf.o
         CXX arch-linux2-cxx-debug/obj/src/ts/event/tsevent.o
         CXX arch-linux2-cxx-debug/obj/src/ts/event/ftn-auto/tseventf.o
         CXX arch-linux2-cxx-debug/obj/src/ts/impls/bdf/bdf.o
         CXX arch-linux2-cxx-debug/obj/src/ts/impls/bdf/ftn-auto/bdff.o
         CXX arch-linux2-cxx-debug/obj/src/ts/impls/python/pythonts.o
         CXX arch-linux2-cxx-debug/obj/src/ts/impls/python/ftn-custom/zpythontf.o
         CXX arch-linux2-cxx-debug/obj/src/ts/impls/explicit/ssp/ssp.o
         CXX arch-linux2-cxx-debug/obj/src/ts/impls/explicit/ssp/ftn-auto/sspf.o
         CXX arch-linux2-cxx-debug/obj/src/ts/impls/explicit/ssp/ftn-custom/zsspf.o
         CXX arch-linux2-cxx-debug/obj/src/ts/impls/explicit/euler/euler.o
         CXX arch-linux2-cxx-debug/obj/src/ts/impls/explicit/rk/rk.o
         CXX arch-linux2-cxx-debug/obj/src/ts/impls/explicit/rk/ftn-custom/zrkf.o
         CXX arch-linux2-cxx-debug/obj/src/ts/impls/pseudo/posindep.o
         CXX arch-linux2-cxx-debug/obj/src/ts/impls/pseudo/ftn-auto/posindepf.o
         CXX arch-linux2-cxx-debug/obj/src/ts/impls/mimex/mimex.o
         CXX arch-linux2-cxx-debug/obj/src/ts/impls/arkimex/arkimex.o
         CXX arch-linux2-cxx-debug/obj/src/ts/impls/arkimex/ftn-auto/arkimexf.o
         CXX arch-linux2-cxx-debug/obj/src/ts/impls/arkimex/ftn-custom/zarkimexf.o
         CXX arch-linux2-cxx-debug/obj/src/ts/impls/eimex/eimex.o
         CXX arch-linux2-cxx-debug/obj/src/ts/impls/rosw/rosw.o
         CXX arch-linux2-cxx-debug/obj/src/ts/impls/rosw/ftn-custom/zroswf.o
         CXX arch-linux2-cxx-debug/obj/src/ts/impls/implicit/alpha/alpha1.o
         CXX arch-linux2-cxx-debug/obj/src/ts/impls/implicit/alpha/alpha2.o
         CXX arch-linux2-cxx-debug/obj/src/ts/impls/implicit/alpha/ftn-auto/alpha2f.o
         CXX arch-linux2-cxx-debug/obj/src/ts/impls/implicit/alpha/ftn-auto/alpha1f.o
         CXX arch-linux2-cxx-debug/obj/src/ts/impls/implicit/gl/gl.o
         CXX arch-linux2-cxx-debug/obj/src/ts/impls/implicit/gl/gladapt.o
         CXX arch-linux2-cxx-debug/obj/src/ts/impls/implicit/theta/theta.o
         CXX arch-linux2-cxx-debug/obj/src/ts/impls/implicit/theta/ftn-auto/thetaf.o
         CXX arch-linux2-cxx-debug/obj/src/ts/adapt/interface/tsadapt.o
         CXX arch-linux2-cxx-debug/obj/src/ts/adapt/interface/ftn-auto/tsadaptf.o
         CXX arch-linux2-cxx-debug/obj/src/ts/adapt/impls/none/adaptnone.o
         CXX arch-linux2-cxx-debug/obj/src/ts/adapt/impls/cfl/adaptcfl.o
         CXX arch-linux2-cxx-debug/obj/src/ts/adapt/impls/basic/adaptbasic.o
         CXX arch-linux2-cxx-debug/obj/src/ts/adapt/impls/basic/ftn-auto/adaptbasicf.o
         CXX arch-linux2-cxx-debug/obj/src/ts/characteristic/interface/characteristic.o
         CXX arch-linux2-cxx-debug/obj/src/ts/characteristic/interface/mocregis.o
         CXX arch-linux2-cxx-debug/obj/src/ts/characteristic/interface/slregis.o
         CXX arch-linux2-cxx-debug/obj/src/ts/characteristic/interface/ftn-auto/characteristicf.o
         CXX arch-linux2-cxx-debug/obj/src/ts/characteristic/impls/da/slda.o
         CXX arch-linux2-cxx-debug/obj/src/ts/interface/ts.o
         CXX arch-linux2-cxx-debug/obj/src/ts/interface/tscreate.o
         CXX arch-linux2-cxx-debug/obj/src/ts/interface/tsreg.o
         CXX arch-linux2-cxx-debug/obj/src/ts/interface/tsregall.o
         CXX arch-linux2-cxx-debug/obj/src/ts/interface/dlregists.o
         CXX arch-linux2-cxx-debug/obj/src/ts/interface/tseig.o
         CXX arch-linux2-cxx-debug/obj/src/ts/interface/ftn-auto/tsf.o
         CXX arch-linux2-cxx-debug/obj/src/ts/interface/ftn-custom/ztscreatef.o
         CXX arch-linux2-cxx-debug/obj/src/ts/interface/ftn-custom/ztsf.o
         CXX arch-linux2-cxx-debug/obj/src/ts/interface/ftn-custom/ztsregf.o
          FC arch-linux2-cxx-debug/obj/src/ts/f90-mod/petsctsmod.o
         CXX arch-linux2-cxx-debug/obj/src/tao/matrix/lmvmmat.o
         CXX arch-linux2-cxx-debug/obj/src/tao/matrix/adamat.o
         CXX arch-linux2-cxx-debug/obj/src/tao/matrix/submatfree.o
         CXX arch-linux2-cxx-debug/obj/src/tao/bound/impls/blmvm/blmvm.o
         CXX arch-linux2-cxx-debug/obj/src/tao/bound/impls/gpcg/gpcg.o
         CXX arch-linux2-cxx-debug/obj/src/tao/bound/impls/tron/tron.o
         CXX arch-linux2-cxx-debug/obj/src/tao/bound/impls/bqpip/bqpip.o
         CXX arch-linux2-cxx-debug/obj/src/tao/bound/utils/isutil.o
         CXX arch-linux2-cxx-debug/obj/src/tao/util/tao_util.o
         CXX arch-linux2-cxx-debug/obj/src/tao/util/ftn-auto/tao_utilf.o
         CXX arch-linux2-cxx-debug/obj/src/tao/interface/taosolver.o
         CXX arch-linux2-cxx-debug/obj/src/tao/interface/taosolver_fg.o
         CXX arch-linux2-cxx-debug/obj/src/tao/interface/taosolverregi.o
         CXX arch-linux2-cxx-debug/obj/src/tao/interface/taosolver_hj.o
         CXX arch-linux2-cxx-debug/obj/src/tao/interface/taosolver_bounds.o
         CXX arch-linux2-cxx-debug/obj/src/tao/interface/dlregistao.o
         CXX arch-linux2-cxx-debug/obj/src/tao/interface/fdiff.o
         CXX arch-linux2-cxx-debug/obj/src/tao/interface/fdtest.o
         CXX arch-linux2-cxx-debug/obj/src/tao/interface/ftn-auto/taosolver_boundsf.o
         CXX arch-linux2-cxx-debug/obj/src/tao/interface/ftn-auto/taosolver_fgf.o
         CXX arch-linux2-cxx-debug/obj/src/tao/interface/ftn-auto/taosolver_hjf.o
         CXX arch-linux2-cxx-debug/obj/src/tao/interface/ftn-auto/taosolverf.o
         CXX arch-linux2-cxx-debug/obj/src/tao/interface/ftn-custom/ztaosolverf.o
         CXX arch-linux2-cxx-debug/obj/src/tao/pde_constrained/impls/lcl/lcl.o
         CXX arch-linux2-cxx-debug/obj/src/tao/complementarity/impls/ssls/ssls.o
         CXX arch-linux2-cxx-debug/obj/src/tao/complementarity/impls/ssls/ssils.o
         CXX arch-linux2-cxx-debug/obj/src/tao/complementarity/impls/ssls/ssfls.o
         CXX arch-linux2-cxx-debug/obj/src/tao/complementarity/impls/asls/asils.o
         CXX arch-linux2-cxx-debug/obj/src/tao/complementarity/impls/asls/asfls.o
         CXX arch-linux2-cxx-debug/obj/src/tao/unconstrained/impls/nls/nls.o
         CXX arch-linux2-cxx-debug/obj/src/tao/unconstrained/impls/neldermead/neldermead.o
         CXX arch-linux2-cxx-debug/obj/src/tao/unconstrained/impls/ntr/ntr.o
         CXX arch-linux2-cxx-debug/obj/src/tao/unconstrained/impls/cg/taocg.o
         CXX arch-linux2-cxx-debug/obj/src/tao/unconstrained/impls/owlqn/owlqn.o
         CXX arch-linux2-cxx-debug/obj/src/tao/unconstrained/impls/bmrm/bmrm.o
         CXX arch-linux2-cxx-debug/obj/src/tao/unconstrained/impls/ntl/ntl.o
         CXX arch-linux2-cxx-debug/obj/src/tao/unconstrained/impls/lmvm/lmvm.o
         CXX arch-linux2-cxx-debug/obj/src/tao/constrained/impls/ipm/ipm.o
         CXX arch-linux2-cxx-debug/obj/src/tao/linesearch/interface/taolinesearch.o
         CXX arch-linux2-cxx-debug/obj/src/tao/linesearch/interface/dlregis_taolinesearch.o
         CXX arch-linux2-cxx-debug/obj/src/tao/linesearch/interface/ftn-auto/taolinesearchf.o
         CXX arch-linux2-cxx-debug/obj/src/tao/linesearch/interface/ftn-custom/ztaolinesearchf.o
         CXX arch-linux2-cxx-debug/obj/src/tao/linesearch/impls/armijo/armijo.o
         CXX arch-linux2-cxx-debug/obj/src/tao/linesearch/impls/morethuente/morethuente.o
         CXX arch-linux2-cxx-debug/obj/src/tao/linesearch/impls/owarmijo/owarmijo.o
         CXX arch-linux2-cxx-debug/obj/src/tao/linesearch/impls/unit/unit.o
         CXX arch-linux2-cxx-debug/obj/src/tao/linesearch/impls/gpcglinesearch/gpcglinesearch.o
         CXX arch-linux2-cxx-debug/obj/src/tao/leastsquares/impls/pounders/pounders.o
         CXX arch-linux2-cxx-debug/obj/src/tao/leastsquares/impls/pounders/gqt.o
     CLINKER /home/mito/temp/petsc-3.7.3/arch-linux2-cxx-debug/lib/libpetsc.so.3.7.3
make[2]: ディレクトリ `/home/mito/temp/petsc-3.7.3' から出ます
=========================================
make[1]: ディレクトリ `/home/mito/temp/petsc-3.7.3' から出ます
Now to install the libraries do:
make PETSC_DIR=/home/mito/temp/petsc-3.7.3 PETSC_ARCH=arch-linux2-cxx-debug install
=========================================
Finishing at: 2016年  8月  2日 火曜日 21:49:24 JST
